[0.377s] Invoking command in '/home/rosnuc/workspace/vcu_ur_driver/src/vcu_ur_driver_launch': PS1=(camera) \[\e]0;\u@\h: \w\a\]${debian_chroot:+($debian_chroot)}\[\033[01;32m\]\u@\h\[\033[00m\]:\[\033[01;34m\]\w\[\033[00m\]\$ PYTHONPATH=/home/rosnuc/workspace/vcu_ur_driver/src/vcu_ur_driver_launch/install/vcu_ur_driver_launch/lib/python3.10/site-packages:${PYTHONPATH} /usr/bin/python3 setup.py egg_info --egg-base build/vcu_ur_driver_launch build --build-base /home/rosnuc/workspace/vcu_ur_driver/src/vcu_ur_driver_launch/build/vcu_ur_driver_launch/build install --prefix /home/rosnuc/workspace/vcu_ur_driver/src/vcu_ur_driver_launch/install/vcu_ur_driver_launch --record /home/rosnuc/workspace/vcu_ur_driver/src/vcu_ur_driver_launch/build/vcu_ur_driver_launch/install.log --single-version-externally-managed
[0.521s] running egg_info
[0.522s] creating build/vcu_ur_driver_launch/vcu_ur_driver_launch.egg-info
[0.522s] writing build/vcu_ur_driver_launch/vcu_ur_driver_launch.egg-info/PKG-INFO
[0.522s] writing dependency_links to build/vcu_ur_driver_launch/vcu_ur_driver_launch.egg-info/dependency_links.txt
[0.522s] writing entry points to build/vcu_ur_driver_launch/vcu_ur_driver_launch.egg-info/entry_points.txt
[0.523s] writing requirements to build/vcu_ur_driver_launch/vcu_ur_driver_launch.egg-info/requires.txt
[0.523s] writing top-level names to build/vcu_ur_driver_launch/vcu_ur_driver_launch.egg-info/top_level.txt
[0.523s] writing manifest file 'build/vcu_ur_driver_launch/vcu_ur_driver_launch.egg-info/SOURCES.txt'
[0.523s] reading manifest file 'build/vcu_ur_driver_launch/vcu_ur_driver_launch.egg-info/SOURCES.txt'
[0.524s] writing manifest file 'build/vcu_ur_driver_launch/vcu_ur_driver_launch.egg-info/SOURCES.txt'
[0.524s] running build
[0.524s] running build_py
[0.524s] creating /home/rosnuc/workspace/vcu_ur_driver/src/vcu_ur_driver_launch/build/vcu_ur_driver_launch/build
[0.524s] creating /home/rosnuc/workspace/vcu_ur_driver/src/vcu_ur_driver_launch/build/vcu_ur_driver_launch/build/lib
[0.524s] creating /home/rosnuc/workspace/vcu_ur_driver/src/vcu_ur_driver_launch/build/vcu_ur_driver_launch/build/lib/vcu_ur_driver_launch
[0.524s] copying vcu_ur_driver_launch/__init__.py -> /home/rosnuc/workspace/vcu_ur_driver/src/vcu_ur_driver_launch/build/vcu_ur_driver_launch/build/lib/vcu_ur_driver_launch
[0.525s] running install
[0.525s] running install_lib
[0.525s] /usr/lib/python3/dist-packages/setuptools/command/install.py:34: SetuptoolsDeprecationWarning: setup.py install is deprecated. Use build and pip and other standards-based tools.
[0.525s]   warnings.warn(
[0.525s] creating /home/rosnuc/workspace/vcu_ur_driver/src/vcu_ur_driver_launch/install/vcu_ur_driver_launch/lib/python3.10/site-packages/vcu_ur_driver_launch
[0.525s] copying /home/rosnuc/workspace/vcu_ur_driver/src/vcu_ur_driver_launch/build/vcu_ur_driver_launch/build/lib/vcu_ur_driver_launch/__init__.py -> /home/rosnuc/workspace/vcu_ur_driver/src/vcu_ur_driver_launch/install/vcu_ur_driver_launch/lib/python3.10/site-packages/vcu_ur_driver_launch
[0.525s] byte-compiling /home/rosnuc/workspace/vcu_ur_driver/src/vcu_ur_driver_launch/install/vcu_ur_driver_launch/lib/python3.10/site-packages/vcu_ur_driver_launch/__init__.py to __init__.cpython-310.pyc
[0.525s] running install_data
[0.526s] creating /home/rosnuc/workspace/vcu_ur_driver/src/vcu_ur_driver_launch/install/vcu_ur_driver_launch/share/ament_index
[0.526s] creating /home/rosnuc/workspace/vcu_ur_driver/src/vcu_ur_driver_launch/install/vcu_ur_driver_launch/share/ament_index/resource_index
[0.526s] creating /home/rosnuc/workspace/vcu_ur_driver/src/vcu_ur_driver_launch/install/vcu_ur_driver_launch/share/ament_index/resource_index/packages
[0.526s] copying resource/vcu_ur_driver_launch -> /home/rosnuc/workspace/vcu_ur_driver/src/vcu_ur_driver_launch/install/vcu_ur_driver_launch/share/ament_index/resource_index/packages
[0.526s] copying package.xml -> /home/rosnuc/workspace/vcu_ur_driver/src/vcu_ur_driver_launch/install/vcu_ur_driver_launch/share/vcu_ur_driver_launch
[0.526s] running install_egg_info
[0.527s] Copying build/vcu_ur_driver_launch/vcu_ur_driver_launch.egg-info to /home/rosnuc/workspace/vcu_ur_driver/src/vcu_ur_driver_launch/install/vcu_ur_driver_launch/lib/python3.10/site-packages/vcu_ur_driver_launch-0.0.0-py3.10.egg-info
[0.527s] running install_scripts
[0.541s] writing list of installed files to '/home/rosnuc/workspace/vcu_ur_driver/src/vcu_ur_driver_launch/build/vcu_ur_driver_launch/install.log'
[0.558s] Invoked command in '/home/rosnuc/workspace/vcu_ur_driver/src/vcu_ur_driver_launch' returned '0': PS1=(camera) \[\e]0;\u@\h: \w\a\]${debian_chroot:+($debian_chroot)}\[\033[01;32m\]\u@\h\[\033[00m\]:\[\033[01;34m\]\w\[\033[00m\]\$ PYTHONPATH=/home/rosnuc/workspace/vcu_ur_driver/src/vcu_ur_driver_launch/install/vcu_ur_driver_launch/lib/python3.10/site-packages:${PYTHONPATH} /usr/bin/python3 setup.py egg_info --egg-base build/vcu_ur_driver_launch build --build-base /home/rosnuc/workspace/vcu_ur_driver/src/vcu_ur_driver_launch/build/vcu_ur_driver_launch/build install --prefix /home/rosnuc/workspace/vcu_ur_driver/src/vcu_ur_driver_launch/install/vcu_ur_driver_launch --record /home/rosnuc/workspace/vcu_ur_driver/src/vcu_ur_driver_launch/build/vcu_ur_driver_launch/install.log --single-version-externally-managed
