[0.381s] Invoking command in '/home/rosnuc/workspace/vcu_ur_driver/src/vcu_ur_driver_launch': PS1=(camera) \[\e]0;\u@\h: \w\a\]${debian_chroot:+($debian_chroot)}\[\033[01;32m\]\u@\h\[\033[00m\]:\[\033[01;34m\]\w\[\033[00m\]\$ PYTHONPATH=/home/rosnuc/workspace/vcu_ur_driver/src/vcu_ur_driver_launch/install/vcu_ur_driver_launch/lib/python3.10/site-packages:${PYTHONPATH} /usr/bin/python3 setup.py egg_info --egg-base build/vcu_ur_driver_launch build --build-base /home/rosnuc/workspace/vcu_ur_driver/src/vcu_ur_driver_launch/build/vcu_ur_driver_launch/build install --prefix /home/rosnuc/workspace/vcu_ur_driver/src/vcu_ur_driver_launch/install/vcu_ur_driver_launch --record /home/rosnuc/workspace/vcu_ur_driver/src/vcu_ur_driver_launch/build/vcu_ur_driver_launch/install.log --single-version-externally-managed
[0.524s] running egg_info
[0.525s] writing build/vcu_ur_driver_launch/vcu_ur_driver_launch.egg-info/PKG-INFO
[0.525s] writing dependency_links to build/vcu_ur_driver_launch/vcu_ur_driver_launch.egg-info/dependency_links.txt
[0.525s] writing entry points to build/vcu_ur_driver_launch/vcu_ur_driver_launch.egg-info/entry_points.txt
[0.525s] writing requirements to build/vcu_ur_driver_launch/vcu_ur_driver_launch.egg-info/requires.txt
[0.525s] writing top-level names to build/vcu_ur_driver_launch/vcu_ur_driver_launch.egg-info/top_level.txt
[0.526s] reading manifest file 'build/vcu_ur_driver_launch/vcu_ur_driver_launch.egg-info/SOURCES.txt'
[0.527s] writing manifest file 'build/vcu_ur_driver_launch/vcu_ur_driver_launch.egg-info/SOURCES.txt'
[0.527s] running build
[0.527s] running build_py
[0.527s] running install
[0.527s] /usr/lib/python3/dist-packages/setuptools/command/install.py:34: SetuptoolsDeprecationWarning: setup.py install is deprecated. Use build and pip and other standards-based tools.
[0.527s]   warnings.warn(
[0.527s] running install_lib
[0.528s] running install_data
[0.528s] running install_egg_info
[0.529s] removing '/home/rosnuc/workspace/vcu_ur_driver/src/vcu_ur_driver_launch/install/vcu_ur_driver_launch/lib/python3.10/site-packages/vcu_ur_driver_launch-0.0.0-py3.10.egg-info' (and everything under it)
[0.529s] Copying build/vcu_ur_driver_launch/vcu_ur_driver_launch.egg-info to /home/rosnuc/workspace/vcu_ur_driver/src/vcu_ur_driver_launch/install/vcu_ur_driver_launch/lib/python3.10/site-packages/vcu_ur_driver_launch-0.0.0-py3.10.egg-info
[0.530s] running install_scripts
[0.543s] writing list of installed files to '/home/rosnuc/workspace/vcu_ur_driver/src/vcu_ur_driver_launch/build/vcu_ur_driver_launch/install.log'
[0.559s] Invoked command in '/home/rosnuc/workspace/vcu_ur_driver/src/vcu_ur_driver_launch' returned '0': PS1=(camera) \[\e]0;\u@\h: \w\a\]${debian_chroot:+($debian_chroot)}\[\033[01;32m\]\u@\h\[\033[00m\]:\[\033[01;34m\]\w\[\033[00m\]\$ PYTHONPATH=/home/rosnuc/workspace/vcu_ur_driver/src/vcu_ur_driver_launch/install/vcu_ur_driver_launch/lib/python3.10/site-packages:${PYTHONPATH} /usr/bin/python3 setup.py egg_info --egg-base build/vcu_ur_driver_launch build --build-base /home/rosnuc/workspace/vcu_ur_driver/src/vcu_ur_driver_launch/build/vcu_ur_driver_launch/build install --prefix /home/rosnuc/workspace/vcu_ur_driver/src/vcu_ur_driver_launch/install/vcu_ur_driver_launch --record /home/rosnuc/workspace/vcu_ur_driver/src/vcu_ur_driver_launch/build/vcu_ur_driver_launch/install.log --single-version-externally-managed
