[0.189s] DEBUG:colcon:Command line arguments: ['/usr/bin/colcon', 'build']
[0.189s] DEBUG:colcon:Parsed command line arguments: Namespace(log_base=None, log_level=None, verb_name='build', build_base='build', install_base='install', merge_install=False, symlink_install=False, test_result_base=None, continue_on_error=False, executor='parallel', parallel_workers=8, event_handlers=None, ignore_user_meta=False, metas=['./colcon.meta'], base_paths=['.'], packages_ignore=None, packages_ignore_regex=None, paths=None, packages_up_to=None, packages_up_to_regex=None, packages_above=None, packages_above_and_dependencies=None, packages_above_depth=None, packages_select_by_dep=None, packages_skip_by_dep=None, packages_skip_up_to=None, packages_select_build_failed=False, packages_skip_build_finished=False, packages_select_test_failures=False, packages_skip_test_passed=False, packages_select=None, packages_skip=None, packages_select_regex=None, packages_skip_regex=None, packages_start=None, packages_end=None, allow_overriding=[], cmake_args=None, cmake_target=None, cmake_target_skip_unavailable=False, cmake_clean_cache=False, cmake_clean_first=False, cmake_force_configure=False, ament_cmake_args=None, catkin_cmake_args=None, catkin_skip_building_tests=False, verb_parser=<colcon_defaults.argument_parser.defaults.DefaultArgumentsDecorator object at 0x7fbdec313af0>, verb_extension=<colcon_core.verb.build.BuildVerb object at 0x7fbdeccc4d30>, main=<bound method BuildVerb.main of <colcon_core.verb.build.BuildVerb object at 0x7fbdeccc4d30>>)
[0.204s] Level 1:colcon.colcon_core.package_discovery:discover_packages(colcon_meta) check parameters
[0.204s] Level 1:colcon.colcon_core.package_discovery:discover_packages(recursive) check parameters
[0.204s] Level 1:colcon.colcon_core.package_discovery:discover_packages(ignore) check parameters
[0.204s] Level 1:colcon.colcon_core.package_discovery:discover_packages(path) check parameters
[0.204s] Level 1:colcon.colcon_core.package_discovery:discover_packages(colcon_meta) discover
[0.204s] Level 1:colcon.colcon_core.package_discovery:discover_packages(recursive) discover
[0.204s] INFO:colcon.colcon_core.package_discovery:Crawling recursively for packages in '/home/rosnuc/workspace/vcu_am_post_processing'
[0.204s] Level 1:colcon.colcon_core.package_identification:_identify(.) by extensions ['ignore', 'ignore_ament_install']
[0.205s] Level 1:colcon.colcon_core.package_identification:_identify(.) by extension 'ignore'
[0.205s] Level 1:colcon.colcon_core.package_identification:_identify(.) by extension 'ignore_ament_install'
[0.205s] Level 1:colcon.colcon_core.package_identification:_identify(.) by extensions ['colcon_pkg']
[0.205s] Level 1:colcon.colcon_core.package_identification:_identify(.) by extension 'colcon_pkg'
[0.205s] Level 1:colcon.colcon_core.package_identification:_identify(.) by extensions ['colcon_meta']
[0.205s] Level 1:colcon.colcon_core.package_identification:_identify(.) by extension 'colcon_meta'
[0.205s] Level 1:colcon.colcon_core.package_identification:_identify(.) by extensions ['ros']
[0.205s] Level 1:colcon.colcon_core.package_identification:_identify(.) by extension 'ros'
[0.218s] Level 1:colcon.colcon_core.package_identification:_identify(.) by extensions ['cmake', 'python']
[0.218s] Level 1:colcon.colcon_core.package_identification:_identify(.) by extension 'cmake'
[0.218s] Level 1:colcon.colcon_core.package_identification:_identify(.) by extension 'python'
[0.218s] Level 1:colcon.colcon_core.package_identification:_identify(.) by extensions ['python_setup_py']
[0.218s] Level 1:colcon.colcon_core.package_identification:_identify(.) by extension 'python_setup_py'
[0.219s] Level 1:colcon.colcon_core.package_identification:_identify(build) by extensions ['ignore', 'ignore_ament_install']
[0.219s] Level 1:colcon.colcon_core.package_identification:_identify(build) by extension 'ignore'
[0.219s] Level 1:colcon.colcon_core.package_identification:_identify(build) ignored
[0.219s] Level 1:colcon.colcon_core.package_identification:_identify(install) by extensions ['ignore', 'ignore_ament_install']
[0.219s] Level 1:colcon.colcon_core.package_identification:_identify(install) by extension 'ignore'
[0.219s] Level 1:colcon.colcon_core.package_identification:_identify(install) ignored
[0.219s] Level 1:colcon.colcon_core.package_identification:_identify(log) by extensions ['ignore', 'ignore_ament_install']
[0.219s] Level 1:colcon.colcon_core.package_identification:_identify(log) by extension 'ignore'
[0.219s] Level 1:colcon.colcon_core.package_identification:_identify(log) ignored
[0.219s] Level 1:colcon.colcon_core.package_identification:_identify(src) by extensions ['ignore', 'ignore_ament_install']
[0.219s] Level 1:colcon.colcon_core.package_identification:_identify(src) by extension 'ignore'
[0.219s] Level 1:colcon.colcon_core.package_identification:_identify(src) by extension 'ignore_ament_install'
[0.219s] Level 1:colcon.colcon_core.package_identification:_identify(src) by extensions ['colcon_pkg']
[0.219s] Level 1:colcon.colcon_core.package_identification:_identify(src) by extension 'colcon_pkg'
[0.219s] Level 1:colcon.colcon_core.package_identification:_identify(src) by extensions ['colcon_meta']
[0.219s] Level 1:colcon.colcon_core.package_identification:_identify(src) by extension 'colcon_meta'
[0.219s] Level 1:colcon.colcon_core.package_identification:_identify(src) by extensions ['ros']
[0.219s] Level 1:colcon.colcon_core.package_identification:_identify(src) by extension 'ros'
[0.219s] Level 1:colcon.colcon_core.package_identification:_identify(src) by extensions ['cmake', 'python']
[0.219s] Level 1:colcon.colcon_core.package_identification:_identify(src) by extension 'cmake'
[0.219s] Level 1:colcon.colcon_core.package_identification:_identify(src) by extension 'python'
[0.219s] Level 1:colcon.colcon_core.package_identification:_identify(src) by extensions ['python_setup_py']
[0.219s] Level 1:colcon.colcon_core.package_identification:_identify(src) by extension 'python_setup_py'
[0.219s] Level 1:colcon.colcon_core.package_identification:_identify(src/am_vision) by extensions ['ignore', 'ignore_ament_install']
[0.219s] Level 1:colcon.colcon_core.package_identification:_identify(src/am_vision) by extension 'ignore'
[0.219s] Level 1:colcon.colcon_core.package_identification:_identify(src/am_vision) by extension 'ignore_ament_install'
[0.219s] Level 1:colcon.colcon_core.package_identification:_identify(src/am_vision) by extensions ['colcon_pkg']
[0.219s] Level 1:colcon.colcon_core.package_identification:_identify(src/am_vision) by extension 'colcon_pkg'
[0.220s] Level 1:colcon.colcon_core.package_identification:_identify(src/am_vision) by extensions ['colcon_meta']
[0.220s] Level 1:colcon.colcon_core.package_identification:_identify(src/am_vision) by extension 'colcon_meta'
[0.220s] Level 1:colcon.colcon_core.package_identification:_identify(src/am_vision) by extensions ['ros']
[0.220s] Level 1:colcon.colcon_core.package_identification:_identify(src/am_vision) by extension 'ros'
[0.221s] DEBUG:colcon.colcon_core.package_identification:Package 'src/am_vision' with type 'ros.ament_python' and name 'am_vision'
[0.221s] Level 1:colcon.colcon_core.package_identification:_identify(src/ur_path_planning) by extensions ['ignore', 'ignore_ament_install']
[0.221s] Level 1:colcon.colcon_core.package_identification:_identify(src/ur_path_planning) by extension 'ignore'
[0.221s] Level 1:colcon.colcon_core.package_identification:_identify(src/ur_path_planning) by extension 'ignore_ament_install'
[0.221s] Level 1:colcon.colcon_core.package_identification:_identify(src/ur_path_planning) by extensions ['colcon_pkg']
[0.221s] Level 1:colcon.colcon_core.package_identification:_identify(src/ur_path_planning) by extension 'colcon_pkg'
[0.221s] Level 1:colcon.colcon_core.package_identification:_identify(src/ur_path_planning) by extensions ['colcon_meta']
[0.221s] Level 1:colcon.colcon_core.package_identification:_identify(src/ur_path_planning) by extension 'colcon_meta'
[0.221s] Level 1:colcon.colcon_core.package_identification:_identify(src/ur_path_planning) by extensions ['ros']
[0.221s] Level 1:colcon.colcon_core.package_identification:_identify(src/ur_path_planning) by extension 'ros'
[0.222s] DEBUG:colcon.colcon_core.package_identification:Package 'src/ur_path_planning' with type 'ros.ament_python' and name 'ur_path_planning'
[0.222s] Level 1:colcon.colcon_core.package_identification:_identify(src/vcu_ur_driver) by extensions ['ignore', 'ignore_ament_install']
[0.222s] Level 1:colcon.colcon_core.package_identification:_identify(src/vcu_ur_driver) by extension 'ignore'
[0.222s] Level 1:colcon.colcon_core.package_identification:_identify(src/vcu_ur_driver) by extension 'ignore_ament_install'
[0.222s] Level 1:colcon.colcon_core.package_identification:_identify(src/vcu_ur_driver) by extensions ['colcon_pkg']
[0.222s] Level 1:colcon.colcon_core.package_identification:_identify(src/vcu_ur_driver) by extension 'colcon_pkg'
[0.222s] Level 1:colcon.colcon_core.package_identification:_identify(src/vcu_ur_driver) by extensions ['colcon_meta']
[0.222s] Level 1:colcon.colcon_core.package_identification:_identify(src/vcu_ur_driver) by extension 'colcon_meta'
[0.222s] Level 1:colcon.colcon_core.package_identification:_identify(src/vcu_ur_driver) by extensions ['ros']
[0.222s] Level 1:colcon.colcon_core.package_identification:_identify(src/vcu_ur_driver) by extension 'ros'
[0.222s] DEBUG:colcon.colcon_core.package_identification:Package 'src/vcu_ur_driver' with type 'ros.ament_python' and name 'vcu_ur_driver'
[0.222s] Level 1:colcon.colcon_core.package_discovery:discover_packages(recursive) using defaults
[0.222s] Level 1:colcon.colcon_core.package_discovery:discover_packages(ignore) discover
[0.222s] Level 1:colcon.colcon_core.package_discovery:discover_packages(ignore) using defaults
[0.222s] Level 1:colcon.colcon_core.package_discovery:discover_packages(path) discover
[0.222s] Level 1:colcon.colcon_core.package_discovery:discover_packages(path) using defaults
[0.238s] Level 1:colcon.colcon_core.package_discovery:discover_packages(prefix_path) check parameters
[0.238s] Level 1:colcon.colcon_core.package_discovery:discover_packages(prefix_path) discover
[0.241s] DEBUG:colcon.colcon_installed_package_information.package_discovery:Found 21 installed packages in /home/rosnuc/workspace/ros_ur_driver/install
[0.241s] DEBUG:colcon.colcon_installed_package_information.package_discovery:Found 2 installed packages in /home/rosnuc/workspace/camera/install
[0.243s] DEBUG:colcon.colcon_installed_package_information.package_discovery:Found 323 installed packages in /opt/ros/rolling
[0.244s] Level 1:colcon.colcon_core.package_discovery:discover_packages(prefix_path) using defaults
[0.285s] Level 5:colcon.colcon_core.verb:set package 'am_vision' build argument 'cmake_args' from command line to 'None'
[0.285s] Level 5:colcon.colcon_core.verb:set package 'am_vision' build argument 'cmake_target' from command line to 'None'
[0.285s] Level 5:colcon.colcon_core.verb:set package 'am_vision' build argument 'cmake_target_skip_unavailable' from command line to 'False'
[0.285s] Level 5:colcon.colcon_core.verb:set package 'am_vision' build argument 'cmake_clean_cache' from command line to 'False'
[0.285s] Level 5:colcon.colcon_core.verb:set package 'am_vision' build argument 'cmake_clean_first' from command line to 'False'
[0.285s] Level 5:colcon.colcon_core.verb:set package 'am_vision' build argument 'cmake_force_configure' from command line to 'False'
[0.285s] Level 5:colcon.colcon_core.verb:set package 'am_vision' build argument 'ament_cmake_args' from command line to 'None'
[0.285s] Level 5:colcon.colcon_core.verb:set package 'am_vision' build argument 'catkin_cmake_args' from command line to 'None'
[0.285s] Level 5:colcon.colcon_core.verb:set package 'am_vision' build argument 'catkin_skip_building_tests' from command line to 'False'
[0.285s] DEBUG:colcon.colcon_core.verb:Building package 'am_vision' with the following arguments: {'ament_cmake_args': None, 'build_base': '/home/rosnuc/workspace/vcu_am_post_processing/build/am_vision', 'catkin_cmake_args': None, 'catkin_skip_building_tests': False, 'cmake_args': None, 'cmake_clean_cache': False, 'cmake_clean_first': False, 'cmake_force_configure': False, 'cmake_target': None, 'cmake_target_skip_unavailable': False, 'install_base': '/home/rosnuc/workspace/vcu_am_post_processing/install/am_vision', 'merge_install': False, 'path': '/home/rosnuc/workspace/vcu_am_post_processing/src/am_vision', 'symlink_install': False, 'test_result_base': None}
[0.286s] Level 5:colcon.colcon_core.verb:set package 'ur_path_planning' build argument 'cmake_args' from command line to 'None'
[0.286s] Level 5:colcon.colcon_core.verb:set package 'ur_path_planning' build argument 'cmake_target' from command line to 'None'
[0.286s] Level 5:colcon.colcon_core.verb:set package 'ur_path_planning' build argument 'cmake_target_skip_unavailable' from command line to 'False'
[0.286s] Level 5:colcon.colcon_core.verb:set package 'ur_path_planning' build argument 'cmake_clean_cache' from command line to 'False'
[0.286s] Level 5:colcon.colcon_core.verb:set package 'ur_path_planning' build argument 'cmake_clean_first' from command line to 'False'
[0.286s] Level 5:colcon.colcon_core.verb:set package 'ur_path_planning' build argument 'cmake_force_configure' from command line to 'False'
[0.286s] Level 5:colcon.colcon_core.verb:set package 'ur_path_planning' build argument 'ament_cmake_args' from command line to 'None'
[0.286s] Level 5:colcon.colcon_core.verb:set package 'ur_path_planning' build argument 'catkin_cmake_args' from command line to 'None'
[0.286s] Level 5:colcon.colcon_core.verb:set package 'ur_path_planning' build argument 'catkin_skip_building_tests' from command line to 'False'
[0.286s] DEBUG:colcon.colcon_core.verb:Building package 'ur_path_planning' with the following arguments: {'ament_cmake_args': None, 'build_base': '/home/rosnuc/workspace/vcu_am_post_processing/build/ur_path_planning', 'catkin_cmake_args': None, 'catkin_skip_building_tests': False, 'cmake_args': None, 'cmake_clean_cache': False, 'cmake_clean_first': False, 'cmake_force_configure': False, 'cmake_target': None, 'cmake_target_skip_unavailable': False, 'install_base': '/home/rosnuc/workspace/vcu_am_post_processing/install/ur_path_planning', 'merge_install': False, 'path': '/home/rosnuc/workspace/vcu_am_post_processing/src/ur_path_planning', 'symlink_install': False, 'test_result_base': None}
[0.287s] Level 5:colcon.colcon_core.verb:set package 'vcu_ur_driver' build argument 'cmake_args' from command line to 'None'
[0.287s] Level 5:colcon.colcon_core.verb:set package 'vcu_ur_driver' build argument 'cmake_target' from command line to 'None'
[0.287s] Level 5:colcon.colcon_core.verb:set package 'vcu_ur_driver' build argument 'cmake_target_skip_unavailable' from command line to 'False'
[0.287s] Level 5:colcon.colcon_core.verb:set package 'vcu_ur_driver' build argument 'cmake_clean_cache' from command line to 'False'
[0.287s] Level 5:colcon.colcon_core.verb:set package 'vcu_ur_driver' build argument 'cmake_clean_first' from command line to 'False'
[0.287s] Level 5:colcon.colcon_core.verb:set package 'vcu_ur_driver' build argument 'cmake_force_configure' from command line to 'False'
[0.287s] Level 5:colcon.colcon_core.verb:set package 'vcu_ur_driver' build argument 'ament_cmake_args' from command line to 'None'
[0.287s] Level 5:colcon.colcon_core.verb:set package 'vcu_ur_driver' build argument 'catkin_cmake_args' from command line to 'None'
[0.287s] Level 5:colcon.colcon_core.verb:set package 'vcu_ur_driver' build argument 'catkin_skip_building_tests' from command line to 'False'
[0.287s] DEBUG:colcon.colcon_core.verb:Building package 'vcu_ur_driver' with the following arguments: {'ament_cmake_args': None, 'build_base': '/home/rosnuc/workspace/vcu_am_post_processing/build/vcu_ur_driver', 'catkin_cmake_args': None, 'catkin_skip_building_tests': False, 'cmake_args': None, 'cmake_clean_cache': False, 'cmake_clean_first': False, 'cmake_force_configure': False, 'cmake_target': None, 'cmake_target_skip_unavailable': False, 'install_base': '/home/rosnuc/workspace/vcu_am_post_processing/install/vcu_ur_driver', 'merge_install': False, 'path': '/home/rosnuc/workspace/vcu_am_post_processing/src/vcu_ur_driver', 'symlink_install': False, 'test_result_base': None}
[0.287s] INFO:colcon.colcon_core.executor:Executing jobs using 'parallel' executor
[0.290s] DEBUG:colcon.colcon_parallel_executor.executor.parallel:run_until_complete
[0.290s] INFO:colcon.colcon_ros.task.ament_python.build:Building ROS package in '/home/rosnuc/workspace/vcu_am_post_processing/src/am_vision' with build type 'ament_python'
[0.290s] Level 1:colcon.colcon_core.shell:create_environment_hook('am_vision', 'ament_prefix_path')
[0.293s] INFO:colcon.colcon_core.plugin_system:Skipping extension 'colcon_core.shell.bat': Not used on non-Windows systems
[0.293s] INFO:colcon.colcon_core.shell:Creating environment hook '/home/rosnuc/workspace/vcu_am_post_processing/install/am_vision/share/am_vision/hook/ament_prefix_path.ps1'
[0.293s] INFO:colcon.colcon_core.shell:Creating environment descriptor '/home/rosnuc/workspace/vcu_am_post_processing/install/am_vision/share/am_vision/hook/ament_prefix_path.dsv'
[0.294s] INFO:colcon.colcon_core.shell:Creating environment hook '/home/rosnuc/workspace/vcu_am_post_processing/install/am_vision/share/am_vision/hook/ament_prefix_path.sh'
[0.295s] INFO:colcon.colcon_core.shell:Skip shell extension 'powershell' for command environment: Not usable outside of PowerShell
[0.295s] DEBUG:colcon.colcon_core.shell:Skip shell extension 'dsv' for command environment
[0.299s] INFO:colcon.colcon_ros.task.ament_python.build:Building ROS package in '/home/rosnuc/workspace/vcu_am_post_processing/src/ur_path_planning' with build type 'ament_python'
[0.299s] Level 1:colcon.colcon_core.shell:create_environment_hook('ur_path_planning', 'ament_prefix_path')
[0.300s] INFO:colcon.colcon_core.shell:Creating environment hook '/home/rosnuc/workspace/vcu_am_post_processing/install/ur_path_planning/share/ur_path_planning/hook/ament_prefix_path.ps1'
[0.300s] INFO:colcon.colcon_core.shell:Creating environment descriptor '/home/rosnuc/workspace/vcu_am_post_processing/install/ur_path_planning/share/ur_path_planning/hook/ament_prefix_path.dsv'
[0.300s] INFO:colcon.colcon_core.shell:Creating environment hook '/home/rosnuc/workspace/vcu_am_post_processing/install/ur_path_planning/share/ur_path_planning/hook/ament_prefix_path.sh'
[0.301s] INFO:colcon.colcon_core.shell:Skip shell extension 'powershell' for command environment: Not usable outside of PowerShell
[0.301s] DEBUG:colcon.colcon_core.shell:Skip shell extension 'dsv' for command environment
[0.305s] INFO:colcon.colcon_ros.task.ament_python.build:Building ROS package in '/home/rosnuc/workspace/vcu_am_post_processing/src/vcu_ur_driver' with build type 'ament_python'
[0.305s] Level 1:colcon.colcon_core.shell:create_environment_hook('vcu_ur_driver', 'ament_prefix_path')
[0.306s] INFO:colcon.colcon_core.shell:Creating environment hook '/home/rosnuc/workspace/vcu_am_post_processing/install/vcu_ur_driver/share/vcu_ur_driver/hook/ament_prefix_path.ps1'
[0.307s] INFO:colcon.colcon_core.shell:Creating environment descriptor '/home/rosnuc/workspace/vcu_am_post_processing/install/vcu_ur_driver/share/vcu_ur_driver/hook/ament_prefix_path.dsv'
[0.307s] INFO:colcon.colcon_core.shell:Creating environment hook '/home/rosnuc/workspace/vcu_am_post_processing/install/vcu_ur_driver/share/vcu_ur_driver/hook/ament_prefix_path.sh'
[0.308s] INFO:colcon.colcon_core.shell:Skip shell extension 'powershell' for command environment: Not usable outside of PowerShell
[0.308s] DEBUG:colcon.colcon_core.shell:Skip shell extension 'dsv' for command environment
[0.469s] INFO:colcon.colcon_core.task.python.build:Building Python package in '/home/rosnuc/workspace/vcu_am_post_processing/src/am_vision'
[0.470s] INFO:colcon.colcon_core.shell:Skip shell extension 'powershell' for command environment: Not usable outside of PowerShell
[0.470s] DEBUG:colcon.colcon_core.shell:Skip shell extension 'dsv' for command environment
[0.631s] INFO:colcon.colcon_core.task.python.build:Building Python package in '/home/rosnuc/workspace/vcu_am_post_processing/src/ur_path_planning'
[0.632s] INFO:colcon.colcon_core.shell:Skip shell extension 'powershell' for command environment: Not usable outside of PowerShell
[0.632s] DEBUG:colcon.colcon_core.shell:Skip shell extension 'dsv' for command environment
[0.794s] INFO:colcon.colcon_core.task.python.build:Building Python package in '/home/rosnuc/workspace/vcu_am_post_processing/src/vcu_ur_driver'
[0.795s] INFO:colcon.colcon_core.shell:Skip shell extension 'powershell' for command environment: Not usable outside of PowerShell
[0.795s] DEBUG:colcon.colcon_core.shell:Skip shell extension 'dsv' for command environment
[1.050s] DEBUG:colcon.colcon_core.event_handler.log_command:Invoking command in '/home/rosnuc/workspace/vcu_am_post_processing/src/ur_path_planning': PYTHONPATH=/home/rosnuc/workspace/vcu_am_post_processing/install/ur_path_planning/lib/python3.10/site-packages:${PYTHONPATH} /usr/bin/python3 setup.py egg_info --egg-base ../../build/ur_path_planning build --build-base /home/rosnuc/workspace/vcu_am_post_processing/build/ur_path_planning/build install --prefix /home/rosnuc/workspace/vcu_am_post_processing/install/ur_path_planning --record /home/rosnuc/workspace/vcu_am_post_processing/build/ur_path_planning/install.log --single-version-externally-managed
[1.054s] DEBUG:colcon.colcon_core.event_handler.log_command:Invoking command in '/home/rosnuc/workspace/vcu_am_post_processing/src/vcu_ur_driver': PYTHONPATH=/home/rosnuc/workspace/vcu_am_post_processing/install/vcu_ur_driver/lib/python3.10/site-packages:${PYTHONPATH} /usr/bin/python3 setup.py egg_info --egg-base ../../build/vcu_ur_driver build --build-base /home/rosnuc/workspace/vcu_am_post_processing/build/vcu_ur_driver/build install --prefix /home/rosnuc/workspace/vcu_am_post_processing/install/vcu_ur_driver --record /home/rosnuc/workspace/vcu_am_post_processing/build/vcu_ur_driver/install.log --single-version-externally-managed
[1.055s] DEBUG:colcon.colcon_core.event_handler.log_command:Invoking command in '/home/rosnuc/workspace/vcu_am_post_processing/src/am_vision': PYTHONPATH=/home/rosnuc/workspace/vcu_am_post_processing/install/am_vision/lib/python3.10/site-packages:${PYTHONPATH} /usr/bin/python3 setup.py egg_info --egg-base ../../build/am_vision build --build-base /home/rosnuc/workspace/vcu_am_post_processing/build/am_vision/build install --prefix /home/rosnuc/workspace/vcu_am_post_processing/install/am_vision --record /home/rosnuc/workspace/vcu_am_post_processing/build/am_vision/install.log --single-version-externally-managed
[1.264s] DEBUG:colcon.colcon_core.event_handler.log_command:Invoked command in '/home/rosnuc/workspace/vcu_am_post_processing/src/am_vision' returned '0': PYTHONPATH=/home/rosnuc/workspace/vcu_am_post_processing/install/am_vision/lib/python3.10/site-packages:${PYTHONPATH} /usr/bin/python3 setup.py egg_info --egg-base ../../build/am_vision build --build-base /home/rosnuc/workspace/vcu_am_post_processing/build/am_vision/build install --prefix /home/rosnuc/workspace/vcu_am_post_processing/install/am_vision --record /home/rosnuc/workspace/vcu_am_post_processing/build/am_vision/install.log --single-version-externally-managed
[1.266s] Level 1:colcon.colcon_core.environment:checking '/home/rosnuc/workspace/vcu_am_post_processing/install/am_vision' for CMake module files
[1.267s] Level 1:colcon.colcon_core.environment:checking '/home/rosnuc/workspace/vcu_am_post_processing/install/am_vision' for CMake config files
[1.267s] Level 1:colcon.colcon_core.environment:checking '/home/rosnuc/workspace/vcu_am_post_processing/install/am_vision/lib'
[1.267s] Level 1:colcon.colcon_core.environment:checking '/home/rosnuc/workspace/vcu_am_post_processing/install/am_vision/bin'
[1.267s] Level 1:colcon.colcon_core.environment:checking '/home/rosnuc/workspace/vcu_am_post_processing/install/am_vision/lib/pkgconfig/am_vision.pc'
[1.267s] Level 1:colcon.colcon_core.environment:checking '/home/rosnuc/workspace/vcu_am_post_processing/install/am_vision/lib/python3.10/site-packages'
[1.267s] Level 1:colcon.colcon_core.shell:create_environment_hook('am_vision', 'pythonpath')
[1.268s] INFO:colcon.colcon_core.shell:Creating environment hook '/home/rosnuc/workspace/vcu_am_post_processing/install/am_vision/share/am_vision/hook/pythonpath.ps1'
[1.268s] INFO:colcon.colcon_core.shell:Creating environment descriptor '/home/rosnuc/workspace/vcu_am_post_processing/install/am_vision/share/am_vision/hook/pythonpath.dsv'
[1.269s] INFO:colcon.colcon_core.shell:Creating environment hook '/home/rosnuc/workspace/vcu_am_post_processing/install/am_vision/share/am_vision/hook/pythonpath.sh'
[1.269s] Level 1:colcon.colcon_core.environment:checking '/home/rosnuc/workspace/vcu_am_post_processing/install/am_vision/bin'
[1.269s] Level 1:colcon.colcon_core.environment:create_environment_scripts_only(am_vision)
[1.270s] INFO:colcon.colcon_core.shell:Creating package script '/home/rosnuc/workspace/vcu_am_post_processing/install/am_vision/share/am_vision/package.ps1'
[1.270s] INFO:colcon.colcon_core.shell:Creating package descriptor '/home/rosnuc/workspace/vcu_am_post_processing/install/am_vision/share/am_vision/package.dsv'
[1.271s] INFO:colcon.colcon_core.shell:Creating package script '/home/rosnuc/workspace/vcu_am_post_processing/install/am_vision/share/am_vision/package.sh'
[1.271s] INFO:colcon.colcon_core.shell:Creating package script '/home/rosnuc/workspace/vcu_am_post_processing/install/am_vision/share/am_vision/package.bash'
[1.271s] INFO:colcon.colcon_core.shell:Creating package script '/home/rosnuc/workspace/vcu_am_post_processing/install/am_vision/share/am_vision/package.zsh'
[1.272s] Level 1:colcon.colcon_core.environment:create_file_with_runtime_dependencies(/home/rosnuc/workspace/vcu_am_post_processing/install/am_vision/share/colcon-core/packages/am_vision)
[1.274s] Level 1:colcon.colcon_core.environment:checking '/home/rosnuc/workspace/vcu_am_post_processing/install/ur_path_planning' for CMake module files
[1.274s] DEBUG:colcon.colcon_core.event_handler.log_command:Invoked command in '/home/rosnuc/workspace/vcu_am_post_processing/src/ur_path_planning' returned '0': PYTHONPATH=/home/rosnuc/workspace/vcu_am_post_processing/install/ur_path_planning/lib/python3.10/site-packages:${PYTHONPATH} /usr/bin/python3 setup.py egg_info --egg-base ../../build/ur_path_planning build --build-base /home/rosnuc/workspace/vcu_am_post_processing/build/ur_path_planning/build install --prefix /home/rosnuc/workspace/vcu_am_post_processing/install/ur_path_planning --record /home/rosnuc/workspace/vcu_am_post_processing/build/ur_path_planning/install.log --single-version-externally-managed
[1.274s] Level 1:colcon.colcon_core.environment:checking '/home/rosnuc/workspace/vcu_am_post_processing/install/ur_path_planning' for CMake config files
[1.275s] Level 1:colcon.colcon_core.environment:checking '/home/rosnuc/workspace/vcu_am_post_processing/install/ur_path_planning/lib'
[1.275s] Level 1:colcon.colcon_core.environment:checking '/home/rosnuc/workspace/vcu_am_post_processing/install/ur_path_planning/bin'
[1.275s] Level 1:colcon.colcon_core.environment:checking '/home/rosnuc/workspace/vcu_am_post_processing/install/ur_path_planning/lib/pkgconfig/ur_path_planning.pc'
[1.275s] Level 1:colcon.colcon_core.environment:checking '/home/rosnuc/workspace/vcu_am_post_processing/install/ur_path_planning/lib/python3.10/site-packages'
[1.275s] Level 1:colcon.colcon_core.shell:create_environment_hook('ur_path_planning', 'pythonpath')
[1.276s] INFO:colcon.colcon_core.shell:Creating environment hook '/home/rosnuc/workspace/vcu_am_post_processing/install/ur_path_planning/share/ur_path_planning/hook/pythonpath.ps1'
[1.276s] INFO:colcon.colcon_core.shell:Creating environment descriptor '/home/rosnuc/workspace/vcu_am_post_processing/install/ur_path_planning/share/ur_path_planning/hook/pythonpath.dsv'
[1.276s] INFO:colcon.colcon_core.shell:Creating environment hook '/home/rosnuc/workspace/vcu_am_post_processing/install/ur_path_planning/share/ur_path_planning/hook/pythonpath.sh'
[1.276s] Level 1:colcon.colcon_core.environment:checking '/home/rosnuc/workspace/vcu_am_post_processing/install/ur_path_planning/bin'
[1.277s] Level 1:colcon.colcon_core.environment:create_environment_scripts_only(ur_path_planning)
[1.277s] INFO:colcon.colcon_core.shell:Creating package script '/home/rosnuc/workspace/vcu_am_post_processing/install/ur_path_planning/share/ur_path_planning/package.ps1'
[1.278s] INFO:colcon.colcon_core.shell:Creating package descriptor '/home/rosnuc/workspace/vcu_am_post_processing/install/ur_path_planning/share/ur_path_planning/package.dsv'
[1.278s] INFO:colcon.colcon_core.shell:Creating package script '/home/rosnuc/workspace/vcu_am_post_processing/install/ur_path_planning/share/ur_path_planning/package.sh'
[1.278s] INFO:colcon.colcon_core.shell:Creating package script '/home/rosnuc/workspace/vcu_am_post_processing/install/ur_path_planning/share/ur_path_planning/package.bash'
[1.278s] INFO:colcon.colcon_core.shell:Creating package script '/home/rosnuc/workspace/vcu_am_post_processing/install/ur_path_planning/share/ur_path_planning/package.zsh'
[1.278s] Level 1:colcon.colcon_core.environment:create_file_with_runtime_dependencies(/home/rosnuc/workspace/vcu_am_post_processing/install/ur_path_planning/share/colcon-core/packages/ur_path_planning)
[1.280s] Level 1:colcon.colcon_core.environment:checking '/home/rosnuc/workspace/vcu_am_post_processing/install/vcu_ur_driver' for CMake module files
[1.280s] DEBUG:colcon.colcon_core.event_handler.log_command:Invoked command in '/home/rosnuc/workspace/vcu_am_post_processing/src/vcu_ur_driver' returned '0': PYTHONPATH=/home/rosnuc/workspace/vcu_am_post_processing/install/vcu_ur_driver/lib/python3.10/site-packages:${PYTHONPATH} /usr/bin/python3 setup.py egg_info --egg-base ../../build/vcu_ur_driver build --build-base /home/rosnuc/workspace/vcu_am_post_processing/build/vcu_ur_driver/build install --prefix /home/rosnuc/workspace/vcu_am_post_processing/install/vcu_ur_driver --record /home/rosnuc/workspace/vcu_am_post_processing/build/vcu_ur_driver/install.log --single-version-externally-managed
[1.281s] Level 1:colcon.colcon_core.environment:checking '/home/rosnuc/workspace/vcu_am_post_processing/install/vcu_ur_driver' for CMake config files
[1.281s] Level 1:colcon.colcon_core.environment:checking '/home/rosnuc/workspace/vcu_am_post_processing/install/vcu_ur_driver/lib'
[1.281s] Level 1:colcon.colcon_core.environment:checking '/home/rosnuc/workspace/vcu_am_post_processing/install/vcu_ur_driver/bin'
[1.281s] Level 1:colcon.colcon_core.environment:checking '/home/rosnuc/workspace/vcu_am_post_processing/install/vcu_ur_driver/lib/pkgconfig/vcu_ur_driver.pc'
[1.281s] Level 1:colcon.colcon_core.environment:checking '/home/rosnuc/workspace/vcu_am_post_processing/install/vcu_ur_driver/lib/python3.10/site-packages'
[1.281s] Level 1:colcon.colcon_core.shell:create_environment_hook('vcu_ur_driver', 'pythonpath')
[1.282s] INFO:colcon.colcon_core.shell:Creating environment hook '/home/rosnuc/workspace/vcu_am_post_processing/install/vcu_ur_driver/share/vcu_ur_driver/hook/pythonpath.ps1'
[1.282s] INFO:colcon.colcon_core.shell:Creating environment descriptor '/home/rosnuc/workspace/vcu_am_post_processing/install/vcu_ur_driver/share/vcu_ur_driver/hook/pythonpath.dsv'
[1.282s] INFO:colcon.colcon_core.shell:Creating environment hook '/home/rosnuc/workspace/vcu_am_post_processing/install/vcu_ur_driver/share/vcu_ur_driver/hook/pythonpath.sh'
[1.283s] Level 1:colcon.colcon_core.environment:checking '/home/rosnuc/workspace/vcu_am_post_processing/install/vcu_ur_driver/bin'
[1.283s] Level 1:colcon.colcon_core.environment:create_environment_scripts_only(vcu_ur_driver)
[1.284s] INFO:colcon.colcon_core.shell:Creating package script '/home/rosnuc/workspace/vcu_am_post_processing/install/vcu_ur_driver/share/vcu_ur_driver/package.ps1'
[1.284s] INFO:colcon.colcon_core.shell:Creating package descriptor '/home/rosnuc/workspace/vcu_am_post_processing/install/vcu_ur_driver/share/vcu_ur_driver/package.dsv'
[1.284s] INFO:colcon.colcon_core.shell:Creating package script '/home/rosnuc/workspace/vcu_am_post_processing/install/vcu_ur_driver/share/vcu_ur_driver/package.sh'
[1.284s] INFO:colcon.colcon_core.shell:Creating package script '/home/rosnuc/workspace/vcu_am_post_processing/install/vcu_ur_driver/share/vcu_ur_driver/package.bash'
[1.284s] INFO:colcon.colcon_core.shell:Creating package script '/home/rosnuc/workspace/vcu_am_post_processing/install/vcu_ur_driver/share/vcu_ur_driver/package.zsh'
[1.284s] Level 1:colcon.colcon_core.environment:create_file_with_runtime_dependencies(/home/rosnuc/workspace/vcu_am_post_processing/install/vcu_ur_driver/share/colcon-core/packages/vcu_ur_driver)
[1.285s] DEBUG:colcon.colcon_parallel_executor.executor.parallel:closing loop
[1.285s] DEBUG:colcon.colcon_parallel_executor.executor.parallel:loop closed
[1.285s] DEBUG:colcon.colcon_parallel_executor.executor.parallel:run_until_complete finished with '0'
[1.285s] DEBUG:colcon.colcon_core.event_reactor:joining thread
[1.289s] INFO:colcon.colcon_core.plugin_system:Skipping extension 'colcon_notification.desktop_notification.terminal_notifier': Not used on non-Darwin systems
[1.289s] INFO:colcon.colcon_core.plugin_system:Skipping extension 'colcon_notification.desktop_notification.win32': Not used on non-Windows systems
[1.289s] INFO:colcon.colcon_notification.desktop_notification:Sending desktop notification using 'notify2'
[1.296s] DEBUG:colcon.colcon_core.event_reactor:joined thread
[1.297s] INFO:colcon.colcon_core.shell:Creating prefix script '/home/rosnuc/workspace/vcu_am_post_processing/install/local_setup.ps1'
[1.297s] INFO:colcon.colcon_core.shell:Creating prefix util module '/home/rosnuc/workspace/vcu_am_post_processing/install/_local_setup_util_ps1.py'
[1.298s] INFO:colcon.colcon_core.shell:Creating prefix chain script '/home/rosnuc/workspace/vcu_am_post_processing/install/setup.ps1'
[1.299s] INFO:colcon.colcon_core.shell:Creating prefix script '/home/rosnuc/workspace/vcu_am_post_processing/install/local_setup.sh'
[1.300s] INFO:colcon.colcon_core.shell:Creating prefix util module '/home/rosnuc/workspace/vcu_am_post_processing/install/_local_setup_util_sh.py'
[1.300s] INFO:colcon.colcon_core.shell:Creating prefix chain script '/home/rosnuc/workspace/vcu_am_post_processing/install/setup.sh'
[1.301s] INFO:colcon.colcon_core.shell:Creating prefix script '/home/rosnuc/workspace/vcu_am_post_processing/install/local_setup.bash'
[1.301s] INFO:colcon.colcon_core.shell:Creating prefix chain script '/home/rosnuc/workspace/vcu_am_post_processing/install/setup.bash'
[1.303s] INFO:colcon.colcon_core.shell:Creating prefix script '/home/rosnuc/workspace/vcu_am_post_processing/install/local_setup.zsh'
[1.303s] INFO:colcon.colcon_core.shell:Creating prefix chain script '/home/rosnuc/workspace/vcu_am_post_processing/install/setup.zsh'
