running egg_info
creating ../../../build/vcu_ur_driver_launch/vcu_ur_driver_launch.egg-info
writing ../../../build/vcu_ur_driver_launch/vcu_ur_driver_launch.egg-info/PKG-INFO
writing dependency_links to ../../../build/vcu_ur_driver_launch/vcu_ur_driver_launch.egg-info/dependency_links.txt
writing entry points to ../../../build/vcu_ur_driver_launch/vcu_ur_driver_launch.egg-info/entry_points.txt
writing requirements to ../../../build/vcu_ur_driver_launch/vcu_ur_driver_launch.egg-info/requires.txt
writing top-level names to ../../../build/vcu_ur_driver_launch/vcu_ur_driver_launch.egg-info/top_level.txt
writing manifest file '../../../build/vcu_ur_driver_launch/vcu_ur_driver_launch.egg-info/SOURCES.txt'
reading manifest file '../../../build/vcu_ur_driver_launch/vcu_ur_driver_launch.egg-info/SOURCES.txt'
writing manifest file '../../../build/vcu_ur_driver_launch/vcu_ur_driver_launch.egg-info/SOURCES.txt'
running build
running build_py
creating /home/rosnuc/workspace/vcu_am_post_processing/build/vcu_ur_driver_launch/build
creating /home/rosnuc/workspace/vcu_am_post_processing/build/vcu_ur_driver_launch/build/lib
creating /home/rosnuc/workspace/vcu_am_post_processing/build/vcu_ur_driver_launch/build/lib/vcu_ur_driver_launch
copying vcu_ur_driver_launch/__init__.py -> /home/rosnuc/workspace/vcu_am_post_processing/build/vcu_ur_driver_launch/build/lib/vcu_ur_driver_launch
copying vcu_ur_driver_launch/ur_control.launch copy.py -> /home/rosnuc/workspace/vcu_am_post_processing/build/vcu_ur_driver_launch/build/lib/vcu_ur_driver_launch
copying vcu_ur_driver_launch/publisher_joint_trajectory_controller.py -> /home/rosnuc/workspace/vcu_am_post_processing/build/vcu_ur_driver_launch/build/lib/vcu_ur_driver_launch
/usr/lib/python3/dist-packages/setuptools/command/install.py:34: SetuptoolsDeprecationWarning: setup.py install is deprecated. Use build and pip and other standards-based tools.
  warnings.warn(
running install
running install_lib
creating /home/rosnuc/workspace/vcu_am_post_processing/install/vcu_ur_driver_launch/lib/python3.10/site-packages/vcu_ur_driver_launch
copying /home/rosnuc/workspace/vcu_am_post_processing/build/vcu_ur_driver_launch/build/lib/vcu_ur_driver_launch/__init__.py -> /home/rosnuc/workspace/vcu_am_post_processing/install/vcu_ur_driver_launch/lib/python3.10/site-packages/vcu_ur_driver_launch
copying /home/rosnuc/workspace/vcu_am_post_processing/build/vcu_ur_driver_launch/build/lib/vcu_ur_driver_launch/ur_control.launch copy.py -> /home/rosnuc/workspace/vcu_am_post_processing/install/vcu_ur_driver_launch/lib/python3.10/site-packages/vcu_ur_driver_launch
copying /home/rosnuc/workspace/vcu_am_post_processing/build/vcu_ur_driver_launch/build/lib/vcu_ur_driver_launch/publisher_joint_trajectory_controller.py -> /home/rosnuc/workspace/vcu_am_post_processing/install/vcu_ur_driver_launch/lib/python3.10/site-packages/vcu_ur_driver_launch
byte-compiling /home/rosnuc/workspace/vcu_am_post_processing/install/vcu_ur_driver_launch/lib/python3.10/site-packages/vcu_ur_driver_launch/__init__.py to __init__.cpython-310.pyc
byte-compiling /home/rosnuc/workspace/vcu_am_post_processing/install/vcu_ur_driver_launch/lib/python3.10/site-packages/vcu_ur_driver_launch/ur_control.launch copy.py to ur_control.launch copy.cpython-310.pyc
byte-compiling /home/rosnuc/workspace/vcu_am_post_processing/install/vcu_ur_driver_launch/lib/python3.10/site-packages/vcu_ur_driver_launch/publisher_joint_trajectory_controller.py to publisher_joint_trajectory_controller.cpython-310.pyc
running install_data
warning: install_data: setup script did not provide a directory for 'launch/vcu-ur5e.launch.py' -- installing right in '/home/rosnuc/workspace/vcu_am_post_processing/install/vcu_ur_driver_launch'

warning: install_data: setup script did not provide a directory for 'etc/vcu_ur5e_calibration.yaml' -- installing right in '/home/rosnuc/workspace/vcu_am_post_processing/install/vcu_ur_driver_launch'

copying launch/vcu-ur5e.launch.py -> /home/rosnuc/workspace/vcu_am_post_processing/install/vcu_ur_driver_launch
copying etc/vcu_ur5e_calibration.yaml -> /home/rosnuc/workspace/vcu_am_post_processing/install/vcu_ur_driver_launch
creating /home/rosnuc/workspace/vcu_am_post_processing/install/vcu_ur_driver_launch/share/ament_index
creating /home/rosnuc/workspace/vcu_am_post_processing/install/vcu_ur_driver_launch/share/ament_index/resource_index
creating /home/rosnuc/workspace/vcu_am_post_processing/install/vcu_ur_driver_launch/share/ament_index/resource_index/packages
copying resource/vcu_ur_driver_launch -> /home/rosnuc/workspace/vcu_am_post_processing/install/vcu_ur_driver_launch/share/ament_index/resource_index/packages
copying package.xml -> /home/rosnuc/workspace/vcu_am_post_processing/install/vcu_ur_driver_launch/share/vcu_ur_driver_launch
running install_egg_info
Copying ../../../build/vcu_ur_driver_launch/vcu_ur_driver_launch.egg-info to /home/rosnuc/workspace/vcu_am_post_processing/install/vcu_ur_driver_launch/lib/python3.10/site-packages/vcu_ur_driver_launch-0.0.0-py3.10.egg-info
running install_scripts
writing list of installed files to '/home/rosnuc/workspace/vcu_am_post_processing/build/vcu_ur_driver_launch/install.log'
