[1.029s] Invoking command in '/home/rosnuc/workspace/vcu_am_post_processing/OLD_vcu_ur_driver/src/vcu_ur_driver_launch': PYTHONPATH=/home/rosnuc/workspace/vcu_am_post_processing/install/vcu_ur_driver_launch/lib/python3.10/site-packages:${PYTHONPATH} /usr/bin/python3 setup.py egg_info --egg-base ../../../build/vcu_ur_driver_launch build --build-base /home/rosnuc/workspace/vcu_am_post_processing/build/vcu_ur_driver_launch/build install --prefix /home/rosnuc/workspace/vcu_am_post_processing/install/vcu_ur_driver_launch --record /home/rosnuc/workspace/vcu_am_post_processing/build/vcu_ur_driver_launch/install.log --single-version-externally-managed
[1.210s] running egg_info
[1.210s] creating ../../../build/vcu_ur_driver_launch/vcu_ur_driver_launch.egg-info
[1.210s] writing ../../../build/vcu_ur_driver_launch/vcu_ur_driver_launch.egg-info/PKG-INFO
[1.210s] writing dependency_links to ../../../build/vcu_ur_driver_launch/vcu_ur_driver_launch.egg-info/dependency_links.txt
[1.210s] writing entry points to ../../../build/vcu_ur_driver_launch/vcu_ur_driver_launch.egg-info/entry_points.txt
[1.211s] writing requirements to ../../../build/vcu_ur_driver_launch/vcu_ur_driver_launch.egg-info/requires.txt
[1.211s] writing top-level names to ../../../build/vcu_ur_driver_launch/vcu_ur_driver_launch.egg-info/top_level.txt
[1.211s] writing manifest file '../../../build/vcu_ur_driver_launch/vcu_ur_driver_launch.egg-info/SOURCES.txt'
[1.212s] reading manifest file '../../../build/vcu_ur_driver_launch/vcu_ur_driver_launch.egg-info/SOURCES.txt'
[1.213s] writing manifest file '../../../build/vcu_ur_driver_launch/vcu_ur_driver_launch.egg-info/SOURCES.txt'
[1.213s] running build
[1.213s] running build_py
[1.213s] creating /home/rosnuc/workspace/vcu_am_post_processing/build/vcu_ur_driver_launch/build
[1.213s] creating /home/rosnuc/workspace/vcu_am_post_processing/build/vcu_ur_driver_launch/build/lib
[1.213s] creating /home/rosnuc/workspace/vcu_am_post_processing/build/vcu_ur_driver_launch/build/lib/vcu_ur_driver_launch
[1.213s] copying vcu_ur_driver_launch/__init__.py -> /home/rosnuc/workspace/vcu_am_post_processing/build/vcu_ur_driver_launch/build/lib/vcu_ur_driver_launch
[1.213s] copying vcu_ur_driver_launch/ur_control.launch copy.py -> /home/rosnuc/workspace/vcu_am_post_processing/build/vcu_ur_driver_launch/build/lib/vcu_ur_driver_launch
[1.214s] copying vcu_ur_driver_launch/publisher_joint_trajectory_controller.py -> /home/rosnuc/workspace/vcu_am_post_processing/build/vcu_ur_driver_launch/build/lib/vcu_ur_driver_launch
[1.214s] /usr/lib/python3/dist-packages/setuptools/command/install.py:34: SetuptoolsDeprecationWarning: setup.py install is deprecated. Use build and pip and other standards-based tools.
[1.214s]   warnings.warn(
[1.214s] running install
[1.214s] running install_lib
[1.214s] creating /home/rosnuc/workspace/vcu_am_post_processing/install/vcu_ur_driver_launch/lib/python3.10/site-packages/vcu_ur_driver_launch
[1.214s] copying /home/rosnuc/workspace/vcu_am_post_processing/build/vcu_ur_driver_launch/build/lib/vcu_ur_driver_launch/__init__.py -> /home/rosnuc/workspace/vcu_am_post_processing/install/vcu_ur_driver_launch/lib/python3.10/site-packages/vcu_ur_driver_launch
[1.214s] copying /home/rosnuc/workspace/vcu_am_post_processing/build/vcu_ur_driver_launch/build/lib/vcu_ur_driver_launch/ur_control.launch copy.py -> /home/rosnuc/workspace/vcu_am_post_processing/install/vcu_ur_driver_launch/lib/python3.10/site-packages/vcu_ur_driver_launch
[1.214s] copying /home/rosnuc/workspace/vcu_am_post_processing/build/vcu_ur_driver_launch/build/lib/vcu_ur_driver_launch/publisher_joint_trajectory_controller.py -> /home/rosnuc/workspace/vcu_am_post_processing/install/vcu_ur_driver_launch/lib/python3.10/site-packages/vcu_ur_driver_launch
[1.215s] byte-compiling /home/rosnuc/workspace/vcu_am_post_processing/install/vcu_ur_driver_launch/lib/python3.10/site-packages/vcu_ur_driver_launch/__init__.py to __init__.cpython-310.pyc
[1.215s] byte-compiling /home/rosnuc/workspace/vcu_am_post_processing/install/vcu_ur_driver_launch/lib/python3.10/site-packages/vcu_ur_driver_launch/ur_control.launch copy.py to ur_control.launch copy.cpython-310.pyc
[1.217s] byte-compiling /home/rosnuc/workspace/vcu_am_post_processing/install/vcu_ur_driver_launch/lib/python3.10/site-packages/vcu_ur_driver_launch/publisher_joint_trajectory_controller.py to publisher_joint_trajectory_controller.cpython-310.pyc
[1.218s] running install_data
[1.218s] warning: install_data: setup script did not provide a directory for 'launch/vcu-ur5e.launch.py' -- installing right in '/home/rosnuc/workspace/vcu_am_post_processing/install/vcu_ur_driver_launch'
[1.218s] 
[1.218s] warning: install_data: setup script did not provide a directory for 'etc/vcu_ur5e_calibration.yaml' -- installing right in '/home/rosnuc/workspace/vcu_am_post_processing/install/vcu_ur_driver_launch'
[1.218s] 
[1.218s] copying launch/vcu-ur5e.launch.py -> /home/rosnuc/workspace/vcu_am_post_processing/install/vcu_ur_driver_launch
[1.219s] copying etc/vcu_ur5e_calibration.yaml -> /home/rosnuc/workspace/vcu_am_post_processing/install/vcu_ur_driver_launch
[1.219s] creating /home/rosnuc/workspace/vcu_am_post_processing/install/vcu_ur_driver_launch/share/ament_index
[1.219s] creating /home/rosnuc/workspace/vcu_am_post_processing/install/vcu_ur_driver_launch/share/ament_index/resource_index
[1.219s] creating /home/rosnuc/workspace/vcu_am_post_processing/install/vcu_ur_driver_launch/share/ament_index/resource_index/packages
[1.219s] copying resource/vcu_ur_driver_launch -> /home/rosnuc/workspace/vcu_am_post_processing/install/vcu_ur_driver_launch/share/ament_index/resource_index/packages
[1.219s] copying package.xml -> /home/rosnuc/workspace/vcu_am_post_processing/install/vcu_ur_driver_launch/share/vcu_ur_driver_launch
[1.219s] running install_egg_info
[1.220s] Copying ../../../build/vcu_ur_driver_launch/vcu_ur_driver_launch.egg-info to /home/rosnuc/workspace/vcu_am_post_processing/install/vcu_ur_driver_launch/lib/python3.10/site-packages/vcu_ur_driver_launch-0.0.0-py3.10.egg-info
[1.221s] running install_scripts
[1.241s] writing list of installed files to '/home/rosnuc/workspace/vcu_am_post_processing/build/vcu_ur_driver_launch/install.log'
[1.274s] Invoked command in '/home/rosnuc/workspace/vcu_am_post_processing/OLD_vcu_ur_driver/src/vcu_ur_driver_launch' returned '0': PYTHONPATH=/home/rosnuc/workspace/vcu_am_post_processing/install/vcu_ur_driver_launch/lib/python3.10/site-packages:${PYTHONPATH} /usr/bin/python3 setup.py egg_info --egg-base ../../../build/vcu_ur_driver_launch build --build-base /home/rosnuc/workspace/vcu_am_post_processing/build/vcu_ur_driver_launch/build install --prefix /home/rosnuc/workspace/vcu_am_post_processing/install/vcu_ur_driver_launch --record /home/rosnuc/workspace/vcu_am_post_processing/build/vcu_ur_driver_launch/install.log --single-version-externally-managed
