[0.384s] Invoking command in '/home/rosnuc/workspace/vcu_ur_driver/src/vcu_ur_driver_launch': PYTHONPATH=/home/rosnuc/workspace/vcu_ur_driver/src/vcu_ur_driver_launch/install/vcu_ur_driver_launch/lib/python3.10/site-packages:${PYTHONPATH} /usr/bin/python3 setup.py egg_info --egg-base build/vcu_ur_driver_launch build --build-base /home/rosnuc/workspace/vcu_ur_driver/src/vcu_ur_driver_launch/build/vcu_ur_driver_launch/build install --prefix /home/rosnuc/workspace/vcu_ur_driver/src/vcu_ur_driver_launch/install/vcu_ur_driver_launch --record /home/rosnuc/workspace/vcu_ur_driver/src/vcu_ur_driver_launch/build/vcu_ur_driver_launch/install.log --single-version-externally-managed
[0.530s] running egg_info
[0.530s] writing build/vcu_ur_driver_launch/vcu_ur_driver_launch.egg-info/PKG-INFO
[0.530s] writing dependency_links to build/vcu_ur_driver_launch/vcu_ur_driver_launch.egg-info/dependency_links.txt
[0.530s] writing entry points to build/vcu_ur_driver_launch/vcu_ur_driver_launch.egg-info/entry_points.txt
[0.530s] writing requirements to build/vcu_ur_driver_launch/vcu_ur_driver_launch.egg-info/requires.txt
[0.530s] writing top-level names to build/vcu_ur_driver_launch/vcu_ur_driver_launch.egg-info/top_level.txt
[0.532s] reading manifest file 'build/vcu_ur_driver_launch/vcu_ur_driver_launch.egg-info/SOURCES.txt'
[0.532s] writing manifest file 'build/vcu_ur_driver_launch/vcu_ur_driver_launch.egg-info/SOURCES.txt'
[0.532s] running build
[0.532s] running build_py
[0.532s] running install
[0.533s] /usr/lib/python3/dist-packages/setuptools/command/install.py:34: SetuptoolsDeprecationWarning: setup.py install is deprecated. Use build and pip and other standards-based tools.
[0.533s]   warnings.warn(
[0.533s] running install_lib
[0.533s] running install_data
[0.534s] copying launch/vcu-ur5e.launch.py -> /home/rosnuc/workspace/vcu_ur_driver/src/vcu_ur_driver_launch/install/vcu_ur_driver_launch
[0.534s] warning: install_data: setup script did not provide a directory for 'launch/vcu-ur5e.launch.py' -- installing right in '/home/rosnuc/workspace/vcu_ur_driver/src/vcu_ur_driver_launch/install/vcu_ur_driver_launch'
[0.534s] 
[0.534s] warning: install_data: setup script did not provide a directory for 'etc/vcu_ur5e_calibration.yaml' -- installing right in '/home/rosnuc/workspace/vcu_ur_driver/src/vcu_ur_driver_launch/install/vcu_ur_driver_launch'
[0.534s] 
[0.534s] copying etc/vcu_ur5e_calibration.yaml -> /home/rosnuc/workspace/vcu_ur_driver/src/vcu_ur_driver_launch/install/vcu_ur_driver_launch
[0.534s] running install_egg_info
[0.535s] removing '/home/rosnuc/workspace/vcu_ur_driver/src/vcu_ur_driver_launch/install/vcu_ur_driver_launch/lib/python3.10/site-packages/vcu_ur_driver_launch-0.0.0-py3.10.egg-info' (and everything under it)
[0.535s] Copying build/vcu_ur_driver_launch/vcu_ur_driver_launch.egg-info to /home/rosnuc/workspace/vcu_ur_driver/src/vcu_ur_driver_launch/install/vcu_ur_driver_launch/lib/python3.10/site-packages/vcu_ur_driver_launch-0.0.0-py3.10.egg-info
[0.535s] running install_scripts
[0.550s] writing list of installed files to '/home/rosnuc/workspace/vcu_ur_driver/src/vcu_ur_driver_launch/build/vcu_ur_driver_launch/install.log'
[0.566s] Invoked command in '/home/rosnuc/workspace/vcu_ur_driver/src/vcu_ur_driver_launch' returned '0': PYTHONPATH=/home/rosnuc/workspace/vcu_ur_driver/src/vcu_ur_driver_launch/install/vcu_ur_driver_launch/lib/python3.10/site-packages:${PYTHONPATH} /usr/bin/python3 setup.py egg_info --egg-base build/vcu_ur_driver_launch build --build-base /home/rosnuc/workspace/vcu_ur_driver/src/vcu_ur_driver_launch/build/vcu_ur_driver_launch/build install --prefix /home/rosnuc/workspace/vcu_ur_driver/src/vcu_ur_driver_launch/install/vcu_ur_driver_launch --record /home/rosnuc/workspace/vcu_ur_driver/src/vcu_ur_driver_launch/build/vcu_ur_driver_launch/install.log --single-version-externally-managed
