[0.765s] Invoking command in '/home/rosnuc/workspace/vcu_am_post_processing/src/am_vision': PYTHONPATH=/home/rosnuc/workspace/vcu_am_post_processing/install/am_vision/lib/python3.10/site-packages:${PYTHONPATH} /usr/bin/python3 setup.py egg_info --egg-base ../../build/am_vision build --build-base /home/rosnuc/workspace/vcu_am_post_processing/build/am_vision/build install --prefix /home/rosnuc/workspace/vcu_am_post_processing/install/am_vision --record /home/rosnuc/workspace/vcu_am_post_processing/build/am_vision/install.log --single-version-externally-managed
[0.925s] running egg_info
[0.926s] creating ../../build/am_vision/am_vision.egg-info
[0.926s] writing ../../build/am_vision/am_vision.egg-info/PKG-INFO
[0.926s] writing dependency_links to ../../build/am_vision/am_vision.egg-info/dependency_links.txt
[0.926s] writing entry points to ../../build/am_vision/am_vision.egg-info/entry_points.txt
[0.926s] writing requirements to ../../build/am_vision/am_vision.egg-info/requires.txt
[0.926s] writing top-level names to ../../build/am_vision/am_vision.egg-info/top_level.txt
[0.926s] writing manifest file '../../build/am_vision/am_vision.egg-info/SOURCES.txt'
[0.928s] reading manifest file '../../build/am_vision/am_vision.egg-info/SOURCES.txt'
[0.929s] writing manifest file '../../build/am_vision/am_vision.egg-info/SOURCES.txt'
[0.929s] running build
[0.929s] running build_py
[0.929s] creating /home/rosnuc/workspace/vcu_am_post_processing/build/am_vision/build
[0.929s] creating /home/rosnuc/workspace/vcu_am_post_processing/build/am_vision/build/lib
[0.929s] creating /home/rosnuc/workspace/vcu_am_post_processing/build/am_vision/build/lib/am_vision
[0.929s] copying am_vision/pointcloud_capture.py -> /home/rosnuc/workspace/vcu_am_post_processing/build/am_vision/build/lib/am_vision
[0.929s] copying am_vision/__init__.py -> /home/rosnuc/workspace/vcu_am_post_processing/build/am_vision/build/lib/am_vision
[0.929s] copying am_vision/tf_reader.py -> /home/rosnuc/workspace/vcu_am_post_processing/build/am_vision/build/lib/am_vision
[0.929s] running install
[0.929s] running install_lib
[0.930s] /usr/lib/python3/dist-packages/setuptools/command/install.py:34: SetuptoolsDeprecationWarning: setup.py install is deprecated. Use build and pip and other standards-based tools.
[0.930s]   warnings.warn(
[0.930s] creating /home/rosnuc/workspace/vcu_am_post_processing/install/am_vision/lib/python3.10/site-packages/am_vision
[0.930s] copying /home/rosnuc/workspace/vcu_am_post_processing/build/am_vision/build/lib/am_vision/pointcloud_capture.py -> /home/rosnuc/workspace/vcu_am_post_processing/install/am_vision/lib/python3.10/site-packages/am_vision
[0.930s] copying /home/rosnuc/workspace/vcu_am_post_processing/build/am_vision/build/lib/am_vision/__init__.py -> /home/rosnuc/workspace/vcu_am_post_processing/install/am_vision/lib/python3.10/site-packages/am_vision
[0.930s] copying /home/rosnuc/workspace/vcu_am_post_processing/build/am_vision/build/lib/am_vision/tf_reader.py -> /home/rosnuc/workspace/vcu_am_post_processing/install/am_vision/lib/python3.10/site-packages/am_vision
[0.930s] byte-compiling /home/rosnuc/workspace/vcu_am_post_processing/install/am_vision/lib/python3.10/site-packages/am_vision/pointcloud_capture.py to pointcloud_capture.cpython-310.pyc
[0.930s] byte-compiling /home/rosnuc/workspace/vcu_am_post_processing/install/am_vision/lib/python3.10/site-packages/am_vision/__init__.py to __init__.cpython-310.pyc
[0.930s] byte-compiling /home/rosnuc/workspace/vcu_am_post_processing/install/am_vision/lib/python3.10/site-packages/am_vision/tf_reader.py to tf_reader.cpython-310.pyc
[0.931s] running install_data
[0.931s] creating /home/rosnuc/workspace/vcu_am_post_processing/install/am_vision/share/ament_index
[0.931s] creating /home/rosnuc/workspace/vcu_am_post_processing/install/am_vision/share/ament_index/resource_index
[0.931s] creating /home/rosnuc/workspace/vcu_am_post_processing/install/am_vision/share/ament_index/resource_index/packages
[0.931s] copying resource/am_vision -> /home/rosnuc/workspace/vcu_am_post_processing/install/am_vision/share/ament_index/resource_index/packages
[0.931s] copying package.xml -> /home/rosnuc/workspace/vcu_am_post_processing/install/am_vision/share/am_vision
[0.931s] copying launch/ur5e_tf_reader.launch.py -> /home/rosnuc/workspace/vcu_am_post_processing/install/am_vision/share/am_vision
[0.931s] running install_egg_info
[0.932s] Copying ../../build/am_vision/am_vision.egg-info to /home/rosnuc/workspace/vcu_am_post_processing/install/am_vision/lib/python3.10/site-packages/am_vision-0.0.0-py3.10.egg-info
[0.933s] running install_scripts
[0.949s] Installing pointcloud_capture script to /home/rosnuc/workspace/vcu_am_post_processing/install/am_vision/lib/am_vision
[0.949s] Installing tf_reader script to /home/rosnuc/workspace/vcu_am_post_processing/install/am_vision/lib/am_vision
[0.949s] writing list of installed files to '/home/rosnuc/workspace/vcu_am_post_processing/build/am_vision/install.log'
[0.973s] Invoked command in '/home/rosnuc/workspace/vcu_am_post_processing/src/am_vision' returned '0': PYTHONPATH=/home/rosnuc/workspace/vcu_am_post_processing/install/am_vision/lib/python3.10/site-packages:${PYTHONPATH} /usr/bin/python3 setup.py egg_info --egg-base ../../build/am_vision build --build-base /home/rosnuc/workspace/vcu_am_post_processing/build/am_vision/build install --prefix /home/rosnuc/workspace/vcu_am_post_processing/install/am_vision --record /home/rosnuc/workspace/vcu_am_post_processing/build/am_vision/install.log --single-version-externally-managed
