/home/rosnuc/workspace/vcu_am_post_processing/install/ur_path_planning/lib/python3.10/site-packages/ur_path_planning/boundary_coordinates.py
/home/rosnuc/workspace/vcu_am_post_processing/install/ur_path_planning/lib/python3.10/site-packages/ur_path_planning/diagonal_raster_positions.py
/home/rosnuc/workspace/vcu_am_post_processing/install/ur_path_planning/lib/python3.10/site-packages/ur_path_planning/horizontal_raster.py
/home/rosnuc/workspace/vcu_am_post_processing/install/ur_path_planning/lib/python3.10/site-packages/ur_path_planning/__init__.py
/home/rosnuc/workspace/vcu_am_post_processing/install/ur_path_planning/lib/python3.10/site-packages/ur_path_planning/horz_and_vert_raster_positions.py
/home/rosnuc/workspace/vcu_am_post_processing/install/ur_path_planning/lib/python3.10/site-packages/ur_path_planning/__pycache__/boundary_coordinates.cpython-310.pyc
/home/rosnuc/workspace/vcu_am_post_processing/install/ur_path_planning/lib/python3.10/site-packages/ur_path_planning/__pycache__/diagonal_raster_positions.cpython-310.pyc
/home/rosnuc/workspace/vcu_am_post_processing/install/ur_path_planning/lib/python3.10/site-packages/ur_path_planning/__pycache__/horizontal_raster.cpython-310.pyc
/home/rosnuc/workspace/vcu_am_post_processing/install/ur_path_planning/lib/python3.10/site-packages/ur_path_planning/__pycache__/__init__.cpython-310.pyc
/home/rosnuc/workspace/vcu_am_post_processing/install/ur_path_planning/lib/python3.10/site-packages/ur_path_planning/__pycache__/horz_and_vert_raster_positions.cpython-310.pyc
/home/rosnuc/workspace/vcu_am_post_processing/install/ur_path_planning/share/ament_index/resource_index/packages/ur_path_planning
/home/rosnuc/workspace/vcu_am_post_processing/install/ur_path_planning/share/ur_path_planning/package.xml
/home/rosnuc/workspace/vcu_am_post_processing/install/ur_path_planning/lib/python3.10/site-packages/ur_path_planning-0.0.0-py3.10.egg-info/SOURCES.txt
/home/rosnuc/workspace/vcu_am_post_processing/install/ur_path_planning/lib/python3.10/site-packages/ur_path_planning-0.0.0-py3.10.egg-info/entry_points.txt
/home/rosnuc/workspace/vcu_am_post_processing/install/ur_path_planning/lib/python3.10/site-packages/ur_path_planning-0.0.0-py3.10.egg-info/zip-safe
/home/rosnuc/workspace/vcu_am_post_processing/install/ur_path_planning/lib/python3.10/site-packages/ur_path_planning-0.0.0-py3.10.egg-info/PKG-INFO
/home/rosnuc/workspace/vcu_am_post_processing/install/ur_path_planning/lib/python3.10/site-packages/ur_path_planning-0.0.0-py3.10.egg-info/dependency_links.txt
/home/rosnuc/workspace/vcu_am_post_processing/install/ur_path_planning/lib/python3.10/site-packages/ur_path_planning-0.0.0-py3.10.egg-info/requires.txt
/home/rosnuc/workspace/vcu_am_post_processing/install/ur_path_planning/lib/python3.10/site-packages/ur_path_planning-0.0.0-py3.10.egg-info/top_level.txt
/home/rosnuc/workspace/vcu_am_post_processing/install/ur_path_planning/lib/ur_path_planning/horizontal_raster
