running egg_info
creating ../build/am_vision/am_vision.egg-info
writing ../build/am_vision/am_vision.egg-info/PKG-INFO
writing dependency_links to ../build/am_vision/am_vision.egg-info/dependency_links.txt
writing entry points to ../build/am_vision/am_vision.egg-info/entry_points.txt
writing requirements to ../build/am_vision/am_vision.egg-info/requires.txt
writing top-level names to ../build/am_vision/am_vision.egg-info/top_level.txt
writing manifest file '../build/am_vision/am_vision.egg-info/SOURCES.txt'
reading manifest file '../build/am_vision/am_vision.egg-info/SOURCES.txt'
writing manifest file '../build/am_vision/am_vision.egg-info/SOURCES.txt'
running build
running build_py
creating /home/rosnuc/workspace/vcu_am_post_processing/build/am_vision/build
creating /home/rosnuc/workspace/vcu_am_post_processing/build/am_vision/build/lib
creating /home/rosnuc/workspace/vcu_am_post_processing/build/am_vision/build/lib/am_vision
copying am_vision/pointcloud_capture.py -> /home/rosnuc/workspace/vcu_am_post_processing/build/am_vision/build/lib/am_vision
copying am_vision/__init__.py -> /home/rosnuc/workspace/vcu_am_post_processing/build/am_vision/build/lib/am_vision
copying am_vision/tf_reader.py -> /home/rosnuc/workspace/vcu_am_post_processing/build/am_vision/build/lib/am_vision
/usr/lib/python3/dist-packages/setuptools/command/install.py:34: SetuptoolsDeprecationWarning: setup.py install is deprecated. Use build and pip and other standards-based tools.
  warnings.warn(
running install
running install_lib
creating /home/rosnuc/workspace/vcu_am_post_processing/install/am_vision/lib/python3.10/site-packages/am_vision
copying /home/rosnuc/workspace/vcu_am_post_processing/build/am_vision/build/lib/am_vision/pointcloud_capture.py -> /home/rosnuc/workspace/vcu_am_post_processing/install/am_vision/lib/python3.10/site-packages/am_vision
copying /home/rosnuc/workspace/vcu_am_post_processing/build/am_vision/build/lib/am_vision/__init__.py -> /home/rosnuc/workspace/vcu_am_post_processing/install/am_vision/lib/python3.10/site-packages/am_vision
copying /home/rosnuc/workspace/vcu_am_post_processing/build/am_vision/build/lib/am_vision/tf_reader.py -> /home/rosnuc/workspace/vcu_am_post_processing/install/am_vision/lib/python3.10/site-packages/am_vision
byte-compiling /home/rosnuc/workspace/vcu_am_post_processing/install/am_vision/lib/python3.10/site-packages/am_vision/pointcloud_capture.py to pointcloud_capture.cpython-310.pyc
byte-compiling /home/rosnuc/workspace/vcu_am_post_processing/install/am_vision/lib/python3.10/site-packages/am_vision/__init__.py to __init__.cpython-310.pyc
byte-compiling /home/rosnuc/workspace/vcu_am_post_processing/install/am_vision/lib/python3.10/site-packages/am_vision/tf_reader.py to tf_reader.cpython-310.pyc
running install_data
creating /home/rosnuc/workspace/vcu_am_post_processing/install/am_vision/share/ament_index
creating /home/rosnuc/workspace/vcu_am_post_processing/install/am_vision/share/ament_index/resource_index
creating /home/rosnuc/workspace/vcu_am_post_processing/install/am_vision/share/ament_index/resource_index/packages
copying resource/am_vision -> /home/rosnuc/workspace/vcu_am_post_processing/install/am_vision/share/ament_index/resource_index/packages
copying package.xml -> /home/rosnuc/workspace/vcu_am_post_processing/install/am_vision/share/am_vision
copying launch/ur5e_tf_reader.launch.py -> /home/rosnuc/workspace/vcu_am_post_processing/install/am_vision/share/am_vision
running install_egg_info
Copying ../build/am_vision/am_vision.egg-info to /home/rosnuc/workspace/vcu_am_post_processing/install/am_vision/lib/python3.10/site-packages/am_vision-0.0.0-py3.10.egg-info
running install_scripts
Installing pointcloud_capture script to /home/rosnuc/workspace/vcu_am_post_processing/install/am_vision/lib/am_vision
Installing tf_reader script to /home/rosnuc/workspace/vcu_am_post_processing/install/am_vision/lib/am_vision
writing list of installed files to '/home/rosnuc/workspace/vcu_am_post_processing/build/am_vision/install.log'
