[1.038s] Invoking command in '/home/rosnuc/workspace/vcu_am_post_processing/am_vision': PYTHONPATH=/home/rosnuc/workspace/vcu_am_post_processing/install/am_vision/lib/python3.10/site-packages:${PYTHONPATH} /usr/bin/python3 setup.py egg_info --egg-base ../build/am_vision build --build-base /home/rosnuc/workspace/vcu_am_post_processing/build/am_vision/build install --prefix /home/rosnuc/workspace/vcu_am_post_processing/install/am_vision --record /home/rosnuc/workspace/vcu_am_post_processing/build/am_vision/install.log --single-version-externally-managed
[1.215s] running egg_info
[1.216s] creating ../build/am_vision/am_vision.egg-info
[1.216s] writing ../build/am_vision/am_vision.egg-info/PKG-INFO
[1.216s] writing dependency_links to ../build/am_vision/am_vision.egg-info/dependency_links.txt
[1.216s] writing entry points to ../build/am_vision/am_vision.egg-info/entry_points.txt
[1.216s] writing requirements to ../build/am_vision/am_vision.egg-info/requires.txt
[1.216s] writing top-level names to ../build/am_vision/am_vision.egg-info/top_level.txt
[1.217s] writing manifest file '../build/am_vision/am_vision.egg-info/SOURCES.txt'
[1.218s] reading manifest file '../build/am_vision/am_vision.egg-info/SOURCES.txt'
[1.218s] writing manifest file '../build/am_vision/am_vision.egg-info/SOURCES.txt'
[1.218s] running build
[1.219s] running build_py
[1.219s] creating /home/rosnuc/workspace/vcu_am_post_processing/build/am_vision/build
[1.219s] creating /home/rosnuc/workspace/vcu_am_post_processing/build/am_vision/build/lib
[1.219s] creating /home/rosnuc/workspace/vcu_am_post_processing/build/am_vision/build/lib/am_vision
[1.219s] copying am_vision/pointcloud_capture.py -> /home/rosnuc/workspace/vcu_am_post_processing/build/am_vision/build/lib/am_vision
[1.219s] copying am_vision/__init__.py -> /home/rosnuc/workspace/vcu_am_post_processing/build/am_vision/build/lib/am_vision
[1.219s] copying am_vision/tf_reader.py -> /home/rosnuc/workspace/vcu_am_post_processing/build/am_vision/build/lib/am_vision
[1.219s] /usr/lib/python3/dist-packages/setuptools/command/install.py:34: SetuptoolsDeprecationWarning: setup.py install is deprecated. Use build and pip and other standards-based tools.
[1.219s]   warnings.warn(
[1.219s] running install
[1.220s] running install_lib
[1.220s] creating /home/rosnuc/workspace/vcu_am_post_processing/install/am_vision/lib/python3.10/site-packages/am_vision
[1.220s] copying /home/rosnuc/workspace/vcu_am_post_processing/build/am_vision/build/lib/am_vision/pointcloud_capture.py -> /home/rosnuc/workspace/vcu_am_post_processing/install/am_vision/lib/python3.10/site-packages/am_vision
[1.220s] copying /home/rosnuc/workspace/vcu_am_post_processing/build/am_vision/build/lib/am_vision/__init__.py -> /home/rosnuc/workspace/vcu_am_post_processing/install/am_vision/lib/python3.10/site-packages/am_vision
[1.220s] copying /home/rosnuc/workspace/vcu_am_post_processing/build/am_vision/build/lib/am_vision/tf_reader.py -> /home/rosnuc/workspace/vcu_am_post_processing/install/am_vision/lib/python3.10/site-packages/am_vision
[1.221s] byte-compiling /home/rosnuc/workspace/vcu_am_post_processing/install/am_vision/lib/python3.10/site-packages/am_vision/pointcloud_capture.py to pointcloud_capture.cpython-310.pyc
[1.222s] byte-compiling /home/rosnuc/workspace/vcu_am_post_processing/install/am_vision/lib/python3.10/site-packages/am_vision/__init__.py to __init__.cpython-310.pyc
[1.222s] byte-compiling /home/rosnuc/workspace/vcu_am_post_processing/install/am_vision/lib/python3.10/site-packages/am_vision/tf_reader.py to tf_reader.cpython-310.pyc
[1.223s] running install_data
[1.223s] creating /home/rosnuc/workspace/vcu_am_post_processing/install/am_vision/share/ament_index
[1.223s] creating /home/rosnuc/workspace/vcu_am_post_processing/install/am_vision/share/ament_index/resource_index
[1.223s] creating /home/rosnuc/workspace/vcu_am_post_processing/install/am_vision/share/ament_index/resource_index/packages
[1.223s] copying resource/am_vision -> /home/rosnuc/workspace/vcu_am_post_processing/install/am_vision/share/ament_index/resource_index/packages
[1.223s] copying package.xml -> /home/rosnuc/workspace/vcu_am_post_processing/install/am_vision/share/am_vision
[1.224s] copying launch/ur5e_tf_reader.launch.py -> /home/rosnuc/workspace/vcu_am_post_processing/install/am_vision/share/am_vision
[1.224s] running install_egg_info
[1.225s] Copying ../build/am_vision/am_vision.egg-info to /home/rosnuc/workspace/vcu_am_post_processing/install/am_vision/lib/python3.10/site-packages/am_vision-0.0.0-py3.10.egg-info
[1.226s] running install_scripts
[1.241s] Installing pointcloud_capture script to /home/rosnuc/workspace/vcu_am_post_processing/install/am_vision/lib/am_vision
[1.242s] Installing tf_reader script to /home/rosnuc/workspace/vcu_am_post_processing/install/am_vision/lib/am_vision
[1.242s] writing list of installed files to '/home/rosnuc/workspace/vcu_am_post_processing/build/am_vision/install.log'
[1.272s] Invoked command in '/home/rosnuc/workspace/vcu_am_post_processing/am_vision' returned '0': PYTHONPATH=/home/rosnuc/workspace/vcu_am_post_processing/install/am_vision/lib/python3.10/site-packages:${PYTHONPATH} /usr/bin/python3 setup.py egg_info --egg-base ../build/am_vision build --build-base /home/rosnuc/workspace/vcu_am_post_processing/build/am_vision/build install --prefix /home/rosnuc/workspace/vcu_am_post_processing/install/am_vision --record /home/rosnuc/workspace/vcu_am_post_processing/build/am_vision/install.log --single-version-externally-managed
