[1.029s] Invoking command in '/home/rosnuc/workspace/vcu_am_post_processing/vcu_ur_driver': PYTHONPATH=/home/rosnuc/workspace/vcu_am_post_processing/install/vcu_ur_driver/lib/python3.10/site-packages:${PYTHONPATH} /usr/bin/python3 setup.py egg_info --egg-base ../build/vcu_ur_driver build --build-base /home/rosnuc/workspace/vcu_am_post_processing/build/vcu_ur_driver/build install --prefix /home/rosnuc/workspace/vcu_am_post_processing/install/vcu_ur_driver --record /home/rosnuc/workspace/vcu_am_post_processing/build/vcu_ur_driver/install.log --single-version-externally-managed
[1.199s] running egg_info
[1.200s] creating ../build/vcu_ur_driver/vcu_ur_driver.egg-info
[1.200s] writing ../build/vcu_ur_driver/vcu_ur_driver.egg-info/PKG-INFO
[1.200s] writing dependency_links to ../build/vcu_ur_driver/vcu_ur_driver.egg-info/dependency_links.txt
[1.200s] writing entry points to ../build/vcu_ur_driver/vcu_ur_driver.egg-info/entry_points.txt
[1.200s] writing requirements to ../build/vcu_ur_driver/vcu_ur_driver.egg-info/requires.txt
[1.201s] writing top-level names to ../build/vcu_ur_driver/vcu_ur_driver.egg-info/top_level.txt
[1.201s] writing manifest file '../build/vcu_ur_driver/vcu_ur_driver.egg-info/SOURCES.txt'
[1.202s] reading manifest file '../build/vcu_ur_driver/vcu_ur_driver.egg-info/SOURCES.txt'
[1.202s] writing manifest file '../build/vcu_ur_driver/vcu_ur_driver.egg-info/SOURCES.txt'
[1.203s] running build
[1.204s] running build_py
[1.204s] creating /home/rosnuc/workspace/vcu_am_post_processing/build/vcu_ur_driver/build
[1.204s] creating /home/rosnuc/workspace/vcu_am_post_processing/build/vcu_ur_driver/build/lib
[1.204s] creating /home/rosnuc/workspace/vcu_am_post_processing/build/vcu_ur_driver/build/lib/vcu_ur_driver
[1.204s] copying vcu_ur_driver/ur_driver.py -> /home/rosnuc/workspace/vcu_am_post_processing/build/vcu_ur_driver/build/lib/vcu_ur_driver
[1.204s] copying vcu_ur_driver/__init__.py -> /home/rosnuc/workspace/vcu_am_post_processing/build/vcu_ur_driver/build/lib/vcu_ur_driver
[1.204s] copying vcu_ur_driver/ur_control.launch copy.py -> /home/rosnuc/workspace/vcu_am_post_processing/build/vcu_ur_driver/build/lib/vcu_ur_driver
[1.204s] copying vcu_ur_driver/publisher_joint_trajectory_controller.py -> /home/rosnuc/workspace/vcu_am_post_processing/build/vcu_ur_driver/build/lib/vcu_ur_driver
[1.204s] /usr/lib/python3/dist-packages/setuptools/command/install.py:34: SetuptoolsDeprecationWarning: setup.py install is deprecated. Use build and pip and other standards-based tools.
[1.205s]   warnings.warn(
[1.205s] running install
[1.205s] running install_lib
[1.205s] creating /home/rosnuc/workspace/vcu_am_post_processing/install/vcu_ur_driver/lib/python3.10/site-packages/vcu_ur_driver
[1.205s] copying /home/rosnuc/workspace/vcu_am_post_processing/build/vcu_ur_driver/build/lib/vcu_ur_driver/ur_driver.py -> /home/rosnuc/workspace/vcu_am_post_processing/install/vcu_ur_driver/lib/python3.10/site-packages/vcu_ur_driver
[1.206s] copying /home/rosnuc/workspace/vcu_am_post_processing/build/vcu_ur_driver/build/lib/vcu_ur_driver/__init__.py -> /home/rosnuc/workspace/vcu_am_post_processing/install/vcu_ur_driver/lib/python3.10/site-packages/vcu_ur_driver
[1.206s] copying /home/rosnuc/workspace/vcu_am_post_processing/build/vcu_ur_driver/build/lib/vcu_ur_driver/ur_control.launch copy.py -> /home/rosnuc/workspace/vcu_am_post_processing/install/vcu_ur_driver/lib/python3.10/site-packages/vcu_ur_driver
[1.206s] copying /home/rosnuc/workspace/vcu_am_post_processing/build/vcu_ur_driver/build/lib/vcu_ur_driver/publisher_joint_trajectory_controller.py -> /home/rosnuc/workspace/vcu_am_post_processing/install/vcu_ur_driver/lib/python3.10/site-packages/vcu_ur_driver
[1.207s] byte-compiling /home/rosnuc/workspace/vcu_am_post_processing/install/vcu_ur_driver/lib/python3.10/site-packages/vcu_ur_driver/ur_driver.py to ur_driver.cpython-310.pyc
[1.207s] byte-compiling /home/rosnuc/workspace/vcu_am_post_processing/install/vcu_ur_driver/lib/python3.10/site-packages/vcu_ur_driver/__init__.py to __init__.cpython-310.pyc
[1.207s] byte-compiling /home/rosnuc/workspace/vcu_am_post_processing/install/vcu_ur_driver/lib/python3.10/site-packages/vcu_ur_driver/ur_control.launch copy.py to ur_control.launch copy.cpython-310.pyc
[1.208s] byte-compiling /home/rosnuc/workspace/vcu_am_post_processing/install/vcu_ur_driver/lib/python3.10/site-packages/vcu_ur_driver/publisher_joint_trajectory_controller.py to publisher_joint_trajectory_controller.cpython-310.pyc
[1.209s] running install_data
[1.209s] creating /home/rosnuc/workspace/vcu_am_post_processing/install/vcu_ur_driver/share/ament_index
[1.209s] creating /home/rosnuc/workspace/vcu_am_post_processing/install/vcu_ur_driver/share/ament_index/resource_index
[1.209s] creating /home/rosnuc/workspace/vcu_am_post_processing/install/vcu_ur_driver/share/ament_index/resource_index/packages
[1.209s] copying resource/vcu_ur_driver -> /home/rosnuc/workspace/vcu_am_post_processing/install/vcu_ur_driver/share/ament_index/resource_index/packages
[1.209s] copying package.xml -> /home/rosnuc/workspace/vcu_am_post_processing/install/vcu_ur_driver/share/vcu_ur_driver
[1.209s] running install_egg_info
[1.210s] Copying ../build/vcu_ur_driver/vcu_ur_driver.egg-info to /home/rosnuc/workspace/vcu_am_post_processing/install/vcu_ur_driver/lib/python3.10/site-packages/vcu_ur_driver-0.0.0-py3.10.egg-info
[1.210s] running install_scripts
[1.228s] Installing ur_driver script to /home/rosnuc/workspace/vcu_am_post_processing/install/vcu_ur_driver/lib/vcu_ur_driver
[1.229s] writing list of installed files to '/home/rosnuc/workspace/vcu_am_post_processing/build/vcu_ur_driver/install.log'
[1.276s] Invoked command in '/home/rosnuc/workspace/vcu_am_post_processing/vcu_ur_driver' returned '0': PYTHONPATH=/home/rosnuc/workspace/vcu_am_post_processing/install/vcu_ur_driver/lib/python3.10/site-packages:${PYTHONPATH} /usr/bin/python3 setup.py egg_info --egg-base ../build/vcu_ur_driver build --build-base /home/rosnuc/workspace/vcu_am_post_processing/build/vcu_ur_driver/build install --prefix /home/rosnuc/workspace/vcu_am_post_processing/install/vcu_ur_driver --record /home/rosnuc/workspace/vcu_am_post_processing/build/vcu_ur_driver/install.log --single-version-externally-managed
