running egg_info
creating ../../build/ur_path_planning/ur_path_planning.egg-info
writing ../../build/ur_path_planning/ur_path_planning.egg-info/PKG-INFO
writing dependency_links to ../../build/ur_path_planning/ur_path_planning.egg-info/dependency_links.txt
writing entry points to ../../build/ur_path_planning/ur_path_planning.egg-info/entry_points.txt
writing requirements to ../../build/ur_path_planning/ur_path_planning.egg-info/requires.txt
writing top-level names to ../../build/ur_path_planning/ur_path_planning.egg-info/top_level.txt
writing manifest file '../../build/ur_path_planning/ur_path_planning.egg-info/SOURCES.txt'
reading manifest file '../../build/ur_path_planning/ur_path_planning.egg-info/SOURCES.txt'
writing manifest file '../../build/ur_path_planning/ur_path_planning.egg-info/SOURCES.txt'
running build
running build_py
creating /home/rosnuc/workspace/vcu_am_post_processing/build/ur_path_planning/build
creating /home/rosnuc/workspace/vcu_am_post_processing/build/ur_path_planning/build/lib
creating /home/rosnuc/workspace/vcu_am_post_processing/build/ur_path_planning/build/lib/ur_path_planning
copying ur_path_planning/boundary_coordinates.py -> /home/rosnuc/workspace/vcu_am_post_processing/build/ur_path_planning/build/lib/ur_path_planning
copying ur_path_planning/diagonal_raster_positions.py -> /home/rosnuc/workspace/vcu_am_post_processing/build/ur_path_planning/build/lib/ur_path_planning
copying ur_path_planning/horizontal_raster.py -> /home/rosnuc/workspace/vcu_am_post_processing/build/ur_path_planning/build/lib/ur_path_planning
copying ur_path_planning/__init__.py -> /home/rosnuc/workspace/vcu_am_post_processing/build/ur_path_planning/build/lib/ur_path_planning
copying ur_path_planning/horz_and_vert_raster_positions.py -> /home/rosnuc/workspace/vcu_am_post_processing/build/ur_path_planning/build/lib/ur_path_planning
running install
running install_lib
creating /home/rosnuc/workspace/vcu_am_post_processing/install/ur_path_planning/lib/python3.10/site-packages/ur_path_planning
copying /home/rosnuc/workspace/vcu_am_post_processing/build/ur_path_planning/build/lib/ur_path_planning/boundary_coordinates.py -> /home/rosnuc/workspace/vcu_am_post_processing/install/ur_path_planning/lib/python3.10/site-packages/ur_path_planning
copying /home/rosnuc/workspace/vcu_am_post_processing/build/ur_path_planning/build/lib/ur_path_planning/diagonal_raster_positions.py -> /home/rosnuc/workspace/vcu_am_post_processing/install/ur_path_planning/lib/python3.10/site-packages/ur_path_planning
copying /home/rosnuc/workspace/vcu_am_post_processing/build/ur_path_planning/build/lib/ur_path_planning/horizontal_raster.py -> /home/rosnuc/workspace/vcu_am_post_processing/install/ur_path_planning/lib/python3.10/site-packages/ur_path_planning
copying /home/rosnuc/workspace/vcu_am_post_processing/build/ur_path_planning/build/lib/ur_path_planning/__init__.py -> /home/rosnuc/workspace/vcu_am_post_processing/install/ur_path_planning/lib/python3.10/site-packages/ur_path_planning
copying /home/rosnuc/workspace/vcu_am_post_processing/build/ur_path_planning/build/lib/ur_path_planning/horz_and_vert_raster_positions.py -> /home/rosnuc/workspace/vcu_am_post_processing/install/ur_path_planning/lib/python3.10/site-packages/ur_path_planning
byte-compiling /home/rosnuc/workspace/vcu_am_post_processing/install/ur_path_planning/lib/python3.10/site-packages/ur_path_planning/boundary_coordinates.py to boundary_coordinates.cpython-310.pyc
byte-compiling /home/rosnuc/workspace/vcu_am_post_processing/install/ur_path_planning/lib/python3.10/site-packages/ur_path_planning/diagonal_raster_positions.py to diagonal_raster_positions.cpython-310.pyc
byte-compiling /home/rosnuc/workspace/vcu_am_post_processing/install/ur_path_planning/lib/python3.10/site-packages/ur_path_planning/horizontal_raster.py to horizontal_raster.cpython-310.pyc
byte-compiling /home/rosnuc/workspace/vcu_am_post_processing/install/ur_path_planning/lib/python3.10/site-packages/ur_path_planning/__init__.py to __init__.cpython-310.pyc
byte-compiling /home/rosnuc/workspace/vcu_am_post_processing/install/ur_path_planning/lib/python3.10/site-packages/ur_path_planning/horz_and_vert_raster_positions.py to horz_and_vert_raster_positions.cpython-310.pyc
running install_data
creating /home/rosnuc/workspace/vcu_am_post_processing/install/ur_path_planning/share/ament_index
creating /home/rosnuc/workspace/vcu_am_post_processing/install/ur_path_planning/share/ament_index/resource_index
creating /home/rosnuc/workspace/vcu_am_post_processing/install/ur_path_planning/share/ament_index/resource_index/packages
copying resource/ur_path_planning -> /home/rosnuc/workspace/vcu_am_post_processing/install/ur_path_planning/share/ament_index/resource_index/packages
copying package.xml -> /home/rosnuc/workspace/vcu_am_post_processing/install/ur_path_planning/share/ur_path_planning
running install_egg_info
Copying ../../build/ur_path_planning/ur_path_planning.egg-info to /home/rosnuc/workspace/vcu_am_post_processing/install/ur_path_planning/lib/python3.10/site-packages/ur_path_planning-0.0.0-py3.10.egg-info
running install_scripts
Installing horizontal_raster script to /home/rosnuc/workspace/vcu_am_post_processing/install/ur_path_planning/lib/ur_path_planning
writing list of installed files to '/home/rosnuc/workspace/vcu_am_post_processing/build/ur_path_planning/install.log'
