running egg_info
writing ../../build/am_vision/am_vision.egg-info/PKG-INFO
writing dependency_links to ../../build/am_vision/am_vision.egg-info/dependency_links.txt
writing entry points to ../../build/am_vision/am_vision.egg-info/entry_points.txt
writing requirements to ../../build/am_vision/am_vision.egg-info/requires.txt
writing top-level names to ../../build/am_vision/am_vision.egg-info/top_level.txt
reading manifest file '../../build/am_vision/am_vision.egg-info/SOURCES.txt'
writing manifest file '../../build/am_vision/am_vision.egg-info/SOURCES.txt'
running build
running build_py
running install
/usr/lib/python3/dist-packages/setuptools/command/install.py:34: SetuptoolsDeprecationWarning: setup.py install is deprecated. Use build and pip and other standards-based tools.
  warnings.warn(
running install_lib
running install_data
running install_egg_info
removing '/home/rosnuc/workspace/vcu_am_post_processing/install/am_vision/lib/python3.10/site-packages/am_vision-0.0.0-py3.10.egg-info' (and everything under it)
Copying ../../build/am_vision/am_vision.egg-info to /home/rosnuc/workspace/vcu_am_post_processing/install/am_vision/lib/python3.10/site-packages/am_vision-0.0.0-py3.10.egg-info
running install_scripts
Installing pointcloud_capture script to /home/rosnuc/workspace/vcu_am_post_processing/install/am_vision/lib/am_vision
Installing tf_reader script to /home/rosnuc/workspace/vcu_am_post_processing/install/am_vision/lib/am_vision
writing list of installed files to '/home/rosnuc/workspace/vcu_am_post_processing/build/am_vision/install.log'
