[0.848s] Invoking command in '/home/rosnuc/workspace/vcu_am_post_processing/src/am_vision': PYTHONPATH=/home/rosnuc/workspace/vcu_am_post_processing/install/am_vision/lib/python3.10/site-packages:${PYTHONPATH} /usr/bin/python3 setup.py egg_info --egg-base ../../build/am_vision build --build-base /home/rosnuc/workspace/vcu_am_post_processing/build/am_vision/build install --prefix /home/rosnuc/workspace/vcu_am_post_processing/install/am_vision --record /home/rosnuc/workspace/vcu_am_post_processing/build/am_vision/install.log --single-version-externally-managed
[1.015s] running egg_info
[1.016s] writing ../../build/am_vision/am_vision.egg-info/PKG-INFO
[1.016s] writing dependency_links to ../../build/am_vision/am_vision.egg-info/dependency_links.txt
[1.016s] writing entry points to ../../build/am_vision/am_vision.egg-info/entry_points.txt
[1.017s] writing requirements to ../../build/am_vision/am_vision.egg-info/requires.txt
[1.017s] writing top-level names to ../../build/am_vision/am_vision.egg-info/top_level.txt
[1.018s] reading manifest file '../../build/am_vision/am_vision.egg-info/SOURCES.txt'
[1.019s] writing manifest file '../../build/am_vision/am_vision.egg-info/SOURCES.txt'
[1.019s] running build
[1.019s] running build_py
[1.019s] running install
[1.020s] /usr/lib/python3/dist-packages/setuptools/command/install.py:34: SetuptoolsDeprecationWarning: setup.py install is deprecated. Use build and pip and other standards-based tools.
[1.020s]   warnings.warn(
[1.020s] running install_lib
[1.021s] running install_data
[1.022s] running install_egg_info
[1.023s] removing '/home/rosnuc/workspace/vcu_am_post_processing/install/am_vision/lib/python3.10/site-packages/am_vision-0.0.0-py3.10.egg-info' (and everything under it)
[1.024s] Copying ../../build/am_vision/am_vision.egg-info to /home/rosnuc/workspace/vcu_am_post_processing/install/am_vision/lib/python3.10/site-packages/am_vision-0.0.0-py3.10.egg-info
[1.024s] running install_scripts
[1.040s] Installing pointcloud_capture script to /home/rosnuc/workspace/vcu_am_post_processing/install/am_vision/lib/am_vision
[1.040s] Installing tf_reader script to /home/rosnuc/workspace/vcu_am_post_processing/install/am_vision/lib/am_vision
[1.040s] writing list of installed files to '/home/rosnuc/workspace/vcu_am_post_processing/build/am_vision/install.log'
[1.065s] Invoked command in '/home/rosnuc/workspace/vcu_am_post_processing/src/am_vision' returned '0': PYTHONPATH=/home/rosnuc/workspace/vcu_am_post_processing/install/am_vision/lib/python3.10/site-packages:${PYTHONPATH} /usr/bin/python3 setup.py egg_info --egg-base ../../build/am_vision build --build-base /home/rosnuc/workspace/vcu_am_post_processing/build/am_vision/build install --prefix /home/rosnuc/workspace/vcu_am_post_processing/install/am_vision --record /home/rosnuc/workspace/vcu_am_post_processing/build/am_vision/install.log --single-version-externally-managed
