running egg_info
creating ../../build/vcu_ur_driver/vcu_ur_driver.egg-info
writing ../../build/vcu_ur_driver/vcu_ur_driver.egg-info/PKG-INFO
writing dependency_links to ../../build/vcu_ur_driver/vcu_ur_driver.egg-info/dependency_links.txt
writing entry points to ../../build/vcu_ur_driver/vcu_ur_driver.egg-info/entry_points.txt
writing requirements to ../../build/vcu_ur_driver/vcu_ur_driver.egg-info/requires.txt
writing top-level names to ../../build/vcu_ur_driver/vcu_ur_driver.egg-info/top_level.txt
writing manifest file '../../build/vcu_ur_driver/vcu_ur_driver.egg-info/SOURCES.txt'
reading manifest file '../../build/vcu_ur_driver/vcu_ur_driver.egg-info/SOURCES.txt'
writing manifest file '../../build/vcu_ur_driver/vcu_ur_driver.egg-info/SOURCES.txt'
running build
running build_py
creating /home/rosnuc/workspace/vcu_am_post_processing/build/vcu_ur_driver/build
creating /home/rosnuc/workspace/vcu_am_post_processing/build/vcu_ur_driver/build/lib
creating /home/rosnuc/workspace/vcu_am_post_processing/build/vcu_ur_driver/build/lib/vcu_ur_driver
copying vcu_ur_driver/ur_driver.py -> /home/rosnuc/workspace/vcu_am_post_processing/build/vcu_ur_driver/build/lib/vcu_ur_driver
copying vcu_ur_driver/__init__.py -> /home/rosnuc/workspace/vcu_am_post_processing/build/vcu_ur_driver/build/lib/vcu_ur_driver
copying vcu_ur_driver/ur_control.launch copy.py -> /home/rosnuc/workspace/vcu_am_post_processing/build/vcu_ur_driver/build/lib/vcu_ur_driver
/usr/lib/python3/dist-packages/setuptools/command/install.py:34: SetuptoolsDeprecationWarning: setup.py install is deprecated. Use build and pip and other standards-based tools.
  warnings.warn(
copying vcu_ur_driver/publisher_joint_trajectory_controller.py -> /home/rosnuc/workspace/vcu_am_post_processing/build/vcu_ur_driver/build/lib/vcu_ur_driver
running install
running install_lib
creating /home/rosnuc/workspace/vcu_am_post_processing/install/vcu_ur_driver/lib/python3.10/site-packages/vcu_ur_driver
copying /home/rosnuc/workspace/vcu_am_post_processing/build/vcu_ur_driver/build/lib/vcu_ur_driver/ur_driver.py -> /home/rosnuc/workspace/vcu_am_post_processing/install/vcu_ur_driver/lib/python3.10/site-packages/vcu_ur_driver
copying /home/rosnuc/workspace/vcu_am_post_processing/build/vcu_ur_driver/build/lib/vcu_ur_driver/__init__.py -> /home/rosnuc/workspace/vcu_am_post_processing/install/vcu_ur_driver/lib/python3.10/site-packages/vcu_ur_driver
copying /home/rosnuc/workspace/vcu_am_post_processing/build/vcu_ur_driver/build/lib/vcu_ur_driver/ur_control.launch copy.py -> /home/rosnuc/workspace/vcu_am_post_processing/install/vcu_ur_driver/lib/python3.10/site-packages/vcu_ur_driver
copying /home/rosnuc/workspace/vcu_am_post_processing/build/vcu_ur_driver/build/lib/vcu_ur_driver/publisher_joint_trajectory_controller.py -> /home/rosnuc/workspace/vcu_am_post_processing/install/vcu_ur_driver/lib/python3.10/site-packages/vcu_ur_driver
byte-compiling /home/rosnuc/workspace/vcu_am_post_processing/install/vcu_ur_driver/lib/python3.10/site-packages/vcu_ur_driver/ur_driver.py to ur_driver.cpython-310.pyc
byte-compiling /home/rosnuc/workspace/vcu_am_post_processing/install/vcu_ur_driver/lib/python3.10/site-packages/vcu_ur_driver/__init__.py to __init__.cpython-310.pyc
byte-compiling /home/rosnuc/workspace/vcu_am_post_processing/install/vcu_ur_driver/lib/python3.10/site-packages/vcu_ur_driver/ur_control.launch copy.py to ur_control.launch copy.cpython-310.pyc
byte-compiling /home/rosnuc/workspace/vcu_am_post_processing/install/vcu_ur_driver/lib/python3.10/site-packages/vcu_ur_driver/publisher_joint_trajectory_controller.py to publisher_joint_trajectory_controller.cpython-310.pyc
running install_data
creating /home/rosnuc/workspace/vcu_am_post_processing/install/vcu_ur_driver/share/ament_index
creating /home/rosnuc/workspace/vcu_am_post_processing/install/vcu_ur_driver/share/ament_index/resource_index
creating /home/rosnuc/workspace/vcu_am_post_processing/install/vcu_ur_driver/share/ament_index/resource_index/packages
copying resource/vcu_ur_driver -> /home/rosnuc/workspace/vcu_am_post_processing/install/vcu_ur_driver/share/ament_index/resource_index/packages
copying package.xml -> /home/rosnuc/workspace/vcu_am_post_processing/install/vcu_ur_driver/share/vcu_ur_driver
running install_egg_info
Copying ../../build/vcu_ur_driver/vcu_ur_driver.egg-info to /home/rosnuc/workspace/vcu_am_post_processing/install/vcu_ur_driver/lib/python3.10/site-packages/vcu_ur_driver-0.0.0-py3.10.egg-info
running install_scripts
Installing ur_driver script to /home/rosnuc/workspace/vcu_am_post_processing/install/vcu_ur_driver/lib/vcu_ur_driver
writing list of installed files to '/home/rosnuc/workspace/vcu_am_post_processing/build/vcu_ur_driver/install.log'
