[0.748s] Invoking command in '/home/rosnuc/workspace/vcu_am_post_processing/src/vcu_ur_driver': PYTHONPATH=/home/rosnuc/workspace/vcu_am_post_processing/install/vcu_ur_driver/lib/python3.10/site-packages:${PYTHONPATH} /usr/bin/python3 setup.py egg_info --egg-base ../../build/vcu_ur_driver build --build-base /home/rosnuc/workspace/vcu_am_post_processing/build/vcu_ur_driver/build install --prefix /home/rosnuc/workspace/vcu_am_post_processing/install/vcu_ur_driver --record /home/rosnuc/workspace/vcu_am_post_processing/build/vcu_ur_driver/install.log --single-version-externally-managed
[0.908s] running egg_info
[0.909s] creating ../../build/vcu_ur_driver/vcu_ur_driver.egg-info
[0.909s] writing ../../build/vcu_ur_driver/vcu_ur_driver.egg-info/PKG-INFO
[0.909s] writing dependency_links to ../../build/vcu_ur_driver/vcu_ur_driver.egg-info/dependency_links.txt
[0.909s] writing entry points to ../../build/vcu_ur_driver/vcu_ur_driver.egg-info/entry_points.txt
[0.909s] writing requirements to ../../build/vcu_ur_driver/vcu_ur_driver.egg-info/requires.txt
[0.909s] writing top-level names to ../../build/vcu_ur_driver/vcu_ur_driver.egg-info/top_level.txt
[0.909s] writing manifest file '../../build/vcu_ur_driver/vcu_ur_driver.egg-info/SOURCES.txt'
[0.910s] reading manifest file '../../build/vcu_ur_driver/vcu_ur_driver.egg-info/SOURCES.txt'
[0.911s] writing manifest file '../../build/vcu_ur_driver/vcu_ur_driver.egg-info/SOURCES.txt'
[0.911s] running build
[0.911s] running build_py
[0.911s] creating /home/rosnuc/workspace/vcu_am_post_processing/build/vcu_ur_driver/build
[0.911s] creating /home/rosnuc/workspace/vcu_am_post_processing/build/vcu_ur_driver/build/lib
[0.911s] creating /home/rosnuc/workspace/vcu_am_post_processing/build/vcu_ur_driver/build/lib/vcu_ur_driver
[0.911s] copying vcu_ur_driver/ur_driver.py -> /home/rosnuc/workspace/vcu_am_post_processing/build/vcu_ur_driver/build/lib/vcu_ur_driver
[0.911s] copying vcu_ur_driver/__init__.py -> /home/rosnuc/workspace/vcu_am_post_processing/build/vcu_ur_driver/build/lib/vcu_ur_driver
[0.911s] copying vcu_ur_driver/ur_control.launch copy.py -> /home/rosnuc/workspace/vcu_am_post_processing/build/vcu_ur_driver/build/lib/vcu_ur_driver
[0.912s] /usr/lib/python3/dist-packages/setuptools/command/install.py:34: SetuptoolsDeprecationWarning: setup.py install is deprecated. Use build and pip and other standards-based tools.
[0.912s]   warnings.warn(
[0.912s] copying vcu_ur_driver/publisher_joint_trajectory_controller.py -> /home/rosnuc/workspace/vcu_am_post_processing/build/vcu_ur_driver/build/lib/vcu_ur_driver
[0.912s] running install
[0.912s] running install_lib
[0.913s] creating /home/rosnuc/workspace/vcu_am_post_processing/install/vcu_ur_driver/lib/python3.10/site-packages/vcu_ur_driver
[0.913s] copying /home/rosnuc/workspace/vcu_am_post_processing/build/vcu_ur_driver/build/lib/vcu_ur_driver/ur_driver.py -> /home/rosnuc/workspace/vcu_am_post_processing/install/vcu_ur_driver/lib/python3.10/site-packages/vcu_ur_driver
[0.913s] copying /home/rosnuc/workspace/vcu_am_post_processing/build/vcu_ur_driver/build/lib/vcu_ur_driver/__init__.py -> /home/rosnuc/workspace/vcu_am_post_processing/install/vcu_ur_driver/lib/python3.10/site-packages/vcu_ur_driver
[0.913s] copying /home/rosnuc/workspace/vcu_am_post_processing/build/vcu_ur_driver/build/lib/vcu_ur_driver/ur_control.launch copy.py -> /home/rosnuc/workspace/vcu_am_post_processing/install/vcu_ur_driver/lib/python3.10/site-packages/vcu_ur_driver
[0.913s] copying /home/rosnuc/workspace/vcu_am_post_processing/build/vcu_ur_driver/build/lib/vcu_ur_driver/publisher_joint_trajectory_controller.py -> /home/rosnuc/workspace/vcu_am_post_processing/install/vcu_ur_driver/lib/python3.10/site-packages/vcu_ur_driver
[0.913s] byte-compiling /home/rosnuc/workspace/vcu_am_post_processing/install/vcu_ur_driver/lib/python3.10/site-packages/vcu_ur_driver/ur_driver.py to ur_driver.cpython-310.pyc
[0.914s] byte-compiling /home/rosnuc/workspace/vcu_am_post_processing/install/vcu_ur_driver/lib/python3.10/site-packages/vcu_ur_driver/__init__.py to __init__.cpython-310.pyc
[0.914s] byte-compiling /home/rosnuc/workspace/vcu_am_post_processing/install/vcu_ur_driver/lib/python3.10/site-packages/vcu_ur_driver/ur_control.launch copy.py to ur_control.launch copy.cpython-310.pyc
[0.914s] byte-compiling /home/rosnuc/workspace/vcu_am_post_processing/install/vcu_ur_driver/lib/python3.10/site-packages/vcu_ur_driver/publisher_joint_trajectory_controller.py to publisher_joint_trajectory_controller.cpython-310.pyc
[0.915s] running install_data
[0.916s] creating /home/rosnuc/workspace/vcu_am_post_processing/install/vcu_ur_driver/share/ament_index
[0.916s] creating /home/rosnuc/workspace/vcu_am_post_processing/install/vcu_ur_driver/share/ament_index/resource_index
[0.916s] creating /home/rosnuc/workspace/vcu_am_post_processing/install/vcu_ur_driver/share/ament_index/resource_index/packages
[0.916s] copying resource/vcu_ur_driver -> /home/rosnuc/workspace/vcu_am_post_processing/install/vcu_ur_driver/share/ament_index/resource_index/packages
[0.916s] copying package.xml -> /home/rosnuc/workspace/vcu_am_post_processing/install/vcu_ur_driver/share/vcu_ur_driver
[0.916s] running install_egg_info
[0.917s] Copying ../../build/vcu_ur_driver/vcu_ur_driver.egg-info to /home/rosnuc/workspace/vcu_am_post_processing/install/vcu_ur_driver/lib/python3.10/site-packages/vcu_ur_driver-0.0.0-py3.10.egg-info
[0.917s] running install_scripts
[0.933s] Installing ur_driver script to /home/rosnuc/workspace/vcu_am_post_processing/install/vcu_ur_driver/lib/vcu_ur_driver
[0.933s] writing list of installed files to '/home/rosnuc/workspace/vcu_am_post_processing/build/vcu_ur_driver/install.log'
[0.974s] Invoked command in '/home/rosnuc/workspace/vcu_am_post_processing/src/vcu_ur_driver' returned '0': PYTHONPATH=/home/rosnuc/workspace/vcu_am_post_processing/install/vcu_ur_driver/lib/python3.10/site-packages:${PYTHONPATH} /usr/bin/python3 setup.py egg_info --egg-base ../../build/vcu_ur_driver build --build-base /home/rosnuc/workspace/vcu_am_post_processing/build/vcu_ur_driver/build install --prefix /home/rosnuc/workspace/vcu_am_post_processing/install/vcu_ur_driver --record /home/rosnuc/workspace/vcu_am_post_processing/build/vcu_ur_driver/install.log --single-version-externally-managed
