[0.184s] DEBUG:colcon:Command line arguments: ['/usr/bin/colcon', 'build', '--packages-select', 'vcu_ur_driver_launch']
[0.184s] DEBUG:colcon:Parsed command line arguments: Namespace(log_base=None, log_level=None, verb_name='build', build_base='build', install_base='install', merge_install=False, symlink_install=False, test_result_base=None, continue_on_error=False, executor='parallel', parallel_workers=8, event_handlers=None, ignore_user_meta=False, metas=['./colcon.meta'], base_paths=['.'], packages_ignore=None, packages_ignore_regex=None, paths=None, packages_up_to=None, packages_up_to_regex=None, packages_above=None, packages_above_and_dependencies=None, packages_above_depth=None, packages_select_by_dep=None, packages_skip_by_dep=None, packages_skip_up_to=None, packages_select_build_failed=False, packages_skip_build_finished=False, packages_select_test_failures=False, packages_skip_test_passed=False, packages_select=['vcu_ur_driver_launch'], packages_skip=None, packages_select_regex=None, packages_skip_regex=None, packages_start=None, packages_end=None, allow_overriding=[], cmake_args=None, cmake_target=None, cmake_target_skip_unavailable=False, cmake_clean_cache=False, cmake_clean_first=False, cmake_force_configure=False, ament_cmake_args=None, catkin_cmake_args=None, catkin_skip_building_tests=False, verb_parser=<colcon_defaults.argument_parser.defaults.DefaultArgumentsDecorator object at 0x7f10e9a17a00>, verb_extension=<colcon_core.verb.build.BuildVerb object at 0x7f10e9c1e9e0>, main=<bound method BuildVerb.main of <colcon_core.verb.build.BuildVerb object at 0x7f10e9c1e9e0>>)
[0.198s] Level 1:colcon.colcon_core.package_discovery:discover_packages(colcon_meta) check parameters
[0.198s] Level 1:colcon.colcon_core.package_discovery:discover_packages(recursive) check parameters
[0.198s] Level 1:colcon.colcon_core.package_discovery:discover_packages(ignore) check parameters
[0.198s] Level 1:colcon.colcon_core.package_discovery:discover_packages(path) check parameters
[0.198s] Level 1:colcon.colcon_core.package_discovery:discover_packages(colcon_meta) discover
[0.198s] Level 1:colcon.colcon_core.package_discovery:discover_packages(recursive) discover
[0.198s] INFO:colcon.colcon_core.package_discovery:Crawling recursively for packages in '/home/rosnuc/workspace/vcu_ur_driver/src/vcu_ur_driver_launch'
[0.198s] Level 1:colcon.colcon_core.package_identification:_identify(.) by extensions ['ignore', 'ignore_ament_install']
[0.199s] Level 1:colcon.colcon_core.package_identification:_identify(.) by extension 'ignore'
[0.199s] Level 1:colcon.colcon_core.package_identification:_identify(.) by extension 'ignore_ament_install'
[0.199s] Level 1:colcon.colcon_core.package_identification:_identify(.) by extensions ['colcon_pkg']
[0.199s] Level 1:colcon.colcon_core.package_identification:_identify(.) by extension 'colcon_pkg'
[0.199s] Level 1:colcon.colcon_core.package_identification:_identify(.) by extensions ['colcon_meta']
[0.199s] Level 1:colcon.colcon_core.package_identification:_identify(.) by extension 'colcon_meta'
[0.199s] Level 1:colcon.colcon_core.package_identification:_identify(.) by extensions ['ros']
[0.199s] Level 1:colcon.colcon_core.package_identification:_identify(.) by extension 'ros'
[0.214s] DEBUG:colcon.colcon_core.package_identification:Package '.' with type 'ros.ament_python' and name 'vcu_ur_driver_launch'
[0.214s] Level 1:colcon.colcon_core.package_discovery:discover_packages(recursive) using defaults
[0.214s] Level 1:colcon.colcon_core.package_discovery:discover_packages(ignore) discover
[0.214s] Level 1:colcon.colcon_core.package_discovery:discover_packages(ignore) using defaults
[0.214s] Level 1:colcon.colcon_core.package_discovery:discover_packages(path) discover
[0.214s] Level 1:colcon.colcon_core.package_discovery:discover_packages(path) using defaults
[0.230s] Level 1:colcon.colcon_core.package_discovery:discover_packages(prefix_path) check parameters
[0.230s] Level 1:colcon.colcon_core.package_discovery:discover_packages(prefix_path) discover
[0.232s] DEBUG:colcon.colcon_installed_package_information.package_discovery:Found 21 installed packages in /home/rosnuc/workspace/ros_ur_driver/install
[0.233s] DEBUG:colcon.colcon_installed_package_information.package_discovery:Found 323 installed packages in /opt/ros/rolling
[0.234s] Level 1:colcon.colcon_core.package_discovery:discover_packages(prefix_path) using defaults
[0.275s] Level 5:colcon.colcon_core.verb:set package 'vcu_ur_driver_launch' build argument 'cmake_args' from command line to 'None'
[0.275s] Level 5:colcon.colcon_core.verb:set package 'vcu_ur_driver_launch' build argument 'cmake_target' from command line to 'None'
[0.275s] Level 5:colcon.colcon_core.verb:set package 'vcu_ur_driver_launch' build argument 'cmake_target_skip_unavailable' from command line to 'False'
[0.275s] Level 5:colcon.colcon_core.verb:set package 'vcu_ur_driver_launch' build argument 'cmake_clean_cache' from command line to 'False'
[0.275s] Level 5:colcon.colcon_core.verb:set package 'vcu_ur_driver_launch' build argument 'cmake_clean_first' from command line to 'False'
[0.275s] Level 5:colcon.colcon_core.verb:set package 'vcu_ur_driver_launch' build argument 'cmake_force_configure' from command line to 'False'
[0.275s] Level 5:colcon.colcon_core.verb:set package 'vcu_ur_driver_launch' build argument 'ament_cmake_args' from command line to 'None'
[0.275s] Level 5:colcon.colcon_core.verb:set package 'vcu_ur_driver_launch' build argument 'catkin_cmake_args' from command line to 'None'
[0.275s] Level 5:colcon.colcon_core.verb:set package 'vcu_ur_driver_launch' build argument 'catkin_skip_building_tests' from command line to 'False'
[0.275s] DEBUG:colcon.colcon_core.verb:Building package 'vcu_ur_driver_launch' with the following arguments: {'ament_cmake_args': None, 'build_base': '/home/rosnuc/workspace/vcu_ur_driver/src/vcu_ur_driver_launch/build/vcu_ur_driver_launch', 'catkin_cmake_args': None, 'catkin_skip_building_tests': False, 'cmake_args': None, 'cmake_clean_cache': False, 'cmake_clean_first': False, 'cmake_force_configure': False, 'cmake_target': None, 'cmake_target_skip_unavailable': False, 'install_base': '/home/rosnuc/workspace/vcu_ur_driver/src/vcu_ur_driver_launch/install/vcu_ur_driver_launch', 'merge_install': False, 'path': '/home/rosnuc/workspace/vcu_ur_driver/src/vcu_ur_driver_launch', 'symlink_install': False, 'test_result_base': None}
[0.276s] INFO:colcon.colcon_core.executor:Executing jobs using 'parallel' executor
[0.278s] DEBUG:colcon.colcon_parallel_executor.executor.parallel:run_until_complete
[0.278s] INFO:colcon.colcon_ros.task.ament_python.build:Building ROS package in '/home/rosnuc/workspace/vcu_ur_driver/src/vcu_ur_driver_launch' with build type 'ament_python'
[0.278s] Level 1:colcon.colcon_core.shell:create_environment_hook('vcu_ur_driver_launch', 'ament_prefix_path')
[0.281s] INFO:colcon.colcon_core.plugin_system:Skipping extension 'colcon_core.shell.bat': Not used on non-Windows systems
[0.281s] INFO:colcon.colcon_core.shell:Creating environment hook '/home/rosnuc/workspace/vcu_ur_driver/src/vcu_ur_driver_launch/install/vcu_ur_driver_launch/share/vcu_ur_driver_launch/hook/ament_prefix_path.ps1'
[0.282s] INFO:colcon.colcon_core.shell:Creating environment descriptor '/home/rosnuc/workspace/vcu_ur_driver/src/vcu_ur_driver_launch/install/vcu_ur_driver_launch/share/vcu_ur_driver_launch/hook/ament_prefix_path.dsv'
[0.282s] INFO:colcon.colcon_core.shell:Creating environment hook '/home/rosnuc/workspace/vcu_ur_driver/src/vcu_ur_driver_launch/install/vcu_ur_driver_launch/share/vcu_ur_driver_launch/hook/ament_prefix_path.sh'
[0.283s] INFO:colcon.colcon_core.shell:Skip shell extension 'powershell' for command environment: Not usable outside of PowerShell
[0.283s] DEBUG:colcon.colcon_core.shell:Skip shell extension 'dsv' for command environment
[0.439s] INFO:colcon.colcon_core.task.python.build:Building Python package in '/home/rosnuc/workspace/vcu_ur_driver/src/vcu_ur_driver_launch'
[0.440s] INFO:colcon.colcon_core.shell:Skip shell extension 'powershell' for command environment: Not usable outside of PowerShell
[0.440s] DEBUG:colcon.colcon_core.shell:Skip shell extension 'dsv' for command environment
[0.657s] DEBUG:colcon.colcon_core.event_handler.log_command:Invoking command in '/home/rosnuc/workspace/vcu_ur_driver/src/vcu_ur_driver_launch': PS1=(camera) \[\e]0;\u@\h: \w\a\]${debian_chroot:+($debian_chroot)}\[\033[01;32m\]\u@\h\[\033[00m\]:\[\033[01;34m\]\w\[\033[00m\]\$ PYTHONPATH=/home/rosnuc/workspace/vcu_ur_driver/src/vcu_ur_driver_launch/install/vcu_ur_driver_launch/lib/python3.10/site-packages:${PYTHONPATH} /usr/bin/python3 setup.py egg_info --egg-base build/vcu_ur_driver_launch build --build-base /home/rosnuc/workspace/vcu_ur_driver/src/vcu_ur_driver_launch/build/vcu_ur_driver_launch/build install --prefix /home/rosnuc/workspace/vcu_ur_driver/src/vcu_ur_driver_launch/install/vcu_ur_driver_launch --record /home/rosnuc/workspace/vcu_ur_driver/src/vcu_ur_driver_launch/build/vcu_ur_driver_launch/install.log --single-version-externally-managed
[0.837s] DEBUG:colcon.colcon_core.event_handler.log_command:Invoked command in '/home/rosnuc/workspace/vcu_ur_driver/src/vcu_ur_driver_launch' returned '0': PS1=(camera) \[\e]0;\u@\h: \w\a\]${debian_chroot:+($debian_chroot)}\[\033[01;32m\]\u@\h\[\033[00m\]:\[\033[01;34m\]\w\[\033[00m\]\$ PYTHONPATH=/home/rosnuc/workspace/vcu_ur_driver/src/vcu_ur_driver_launch/install/vcu_ur_driver_launch/lib/python3.10/site-packages:${PYTHONPATH} /usr/bin/python3 setup.py egg_info --egg-base build/vcu_ur_driver_launch build --build-base /home/rosnuc/workspace/vcu_ur_driver/src/vcu_ur_driver_launch/build/vcu_ur_driver_launch/build install --prefix /home/rosnuc/workspace/vcu_ur_driver/src/vcu_ur_driver_launch/install/vcu_ur_driver_launch --record /home/rosnuc/workspace/vcu_ur_driver/src/vcu_ur_driver_launch/build/vcu_ur_driver_launch/install.log --single-version-externally-managed
[0.840s] Level 1:colcon.colcon_core.environment:checking '/home/rosnuc/workspace/vcu_ur_driver/src/vcu_ur_driver_launch/install/vcu_ur_driver_launch' for CMake module files
[0.840s] Level 1:colcon.colcon_core.environment:checking '/home/rosnuc/workspace/vcu_ur_driver/src/vcu_ur_driver_launch/install/vcu_ur_driver_launch' for CMake config files
[0.841s] Level 1:colcon.colcon_core.environment:checking '/home/rosnuc/workspace/vcu_ur_driver/src/vcu_ur_driver_launch/install/vcu_ur_driver_launch/lib'
[0.841s] Level 1:colcon.colcon_core.environment:checking '/home/rosnuc/workspace/vcu_ur_driver/src/vcu_ur_driver_launch/install/vcu_ur_driver_launch/bin'
[0.841s] Level 1:colcon.colcon_core.environment:checking '/home/rosnuc/workspace/vcu_ur_driver/src/vcu_ur_driver_launch/install/vcu_ur_driver_launch/lib/pkgconfig/vcu_ur_driver_launch.pc'
[0.841s] Level 1:colcon.colcon_core.environment:checking '/home/rosnuc/workspace/vcu_ur_driver/src/vcu_ur_driver_launch/install/vcu_ur_driver_launch/lib/python3.10/site-packages'
[0.841s] Level 1:colcon.colcon_core.shell:create_environment_hook('vcu_ur_driver_launch', 'pythonpath')
[0.842s] INFO:colcon.colcon_core.shell:Creating environment hook '/home/rosnuc/workspace/vcu_ur_driver/src/vcu_ur_driver_launch/install/vcu_ur_driver_launch/share/vcu_ur_driver_launch/hook/pythonpath.ps1'
[0.842s] INFO:colcon.colcon_core.shell:Creating environment descriptor '/home/rosnuc/workspace/vcu_ur_driver/src/vcu_ur_driver_launch/install/vcu_ur_driver_launch/share/vcu_ur_driver_launch/hook/pythonpath.dsv'
[0.842s] INFO:colcon.colcon_core.shell:Creating environment hook '/home/rosnuc/workspace/vcu_ur_driver/src/vcu_ur_driver_launch/install/vcu_ur_driver_launch/share/vcu_ur_driver_launch/hook/pythonpath.sh'
[0.843s] Level 1:colcon.colcon_core.environment:checking '/home/rosnuc/workspace/vcu_ur_driver/src/vcu_ur_driver_launch/install/vcu_ur_driver_launch/bin'
[0.843s] Level 1:colcon.colcon_core.environment:create_environment_scripts_only(vcu_ur_driver_launch)
[0.844s] INFO:colcon.colcon_core.shell:Creating package script '/home/rosnuc/workspace/vcu_ur_driver/src/vcu_ur_driver_launch/install/vcu_ur_driver_launch/share/vcu_ur_driver_launch/package.ps1'
[0.844s] INFO:colcon.colcon_core.shell:Creating package descriptor '/home/rosnuc/workspace/vcu_ur_driver/src/vcu_ur_driver_launch/install/vcu_ur_driver_launch/share/vcu_ur_driver_launch/package.dsv'
[0.844s] INFO:colcon.colcon_core.shell:Creating package script '/home/rosnuc/workspace/vcu_ur_driver/src/vcu_ur_driver_launch/install/vcu_ur_driver_launch/share/vcu_ur_driver_launch/package.sh'
[0.845s] INFO:colcon.colcon_core.shell:Creating package script '/home/rosnuc/workspace/vcu_ur_driver/src/vcu_ur_driver_launch/install/vcu_ur_driver_launch/share/vcu_ur_driver_launch/package.bash'
[0.845s] INFO:colcon.colcon_core.shell:Creating package script '/home/rosnuc/workspace/vcu_ur_driver/src/vcu_ur_driver_launch/install/vcu_ur_driver_launch/share/vcu_ur_driver_launch/package.zsh'
[0.845s] Level 1:colcon.colcon_core.environment:create_file_with_runtime_dependencies(/home/rosnuc/workspace/vcu_ur_driver/src/vcu_ur_driver_launch/install/vcu_ur_driver_launch/share/colcon-core/packages/vcu_ur_driver_launch)
[0.846s] DEBUG:colcon.colcon_parallel_executor.executor.parallel:closing loop
[0.846s] DEBUG:colcon.colcon_parallel_executor.executor.parallel:loop closed
[0.846s] DEBUG:colcon.colcon_parallel_executor.executor.parallel:run_until_complete finished with '0'
[0.846s] DEBUG:colcon.colcon_core.event_reactor:joining thread
[0.850s] INFO:colcon.colcon_core.plugin_system:Skipping extension 'colcon_notification.desktop_notification.terminal_notifier': Not used on non-Darwin systems
[0.850s] INFO:colcon.colcon_core.plugin_system:Skipping extension 'colcon_notification.desktop_notification.win32': Not used on non-Windows systems
[0.850s] INFO:colcon.colcon_notification.desktop_notification:Sending desktop notification using 'notify2'
[0.858s] DEBUG:colcon.colcon_core.event_reactor:joined thread
[0.859s] INFO:colcon.colcon_core.shell:Creating prefix script '/home/rosnuc/workspace/vcu_ur_driver/src/vcu_ur_driver_launch/install/local_setup.ps1'
[0.860s] INFO:colcon.colcon_core.shell:Creating prefix util module '/home/rosnuc/workspace/vcu_ur_driver/src/vcu_ur_driver_launch/install/_local_setup_util_ps1.py'
[0.860s] INFO:colcon.colcon_core.shell:Creating prefix chain script '/home/rosnuc/workspace/vcu_ur_driver/src/vcu_ur_driver_launch/install/setup.ps1'
[0.861s] INFO:colcon.colcon_core.shell:Creating prefix script '/home/rosnuc/workspace/vcu_ur_driver/src/vcu_ur_driver_launch/install/local_setup.sh'
[0.862s] INFO:colcon.colcon_core.shell:Creating prefix util module '/home/rosnuc/workspace/vcu_ur_driver/src/vcu_ur_driver_launch/install/_local_setup_util_sh.py'
[0.862s] INFO:colcon.colcon_core.shell:Creating prefix chain script '/home/rosnuc/workspace/vcu_ur_driver/src/vcu_ur_driver_launch/install/setup.sh'
[0.863s] INFO:colcon.colcon_core.shell:Creating prefix script '/home/rosnuc/workspace/vcu_ur_driver/src/vcu_ur_driver_launch/install/local_setup.bash'
[0.863s] INFO:colcon.colcon_core.shell:Creating prefix chain script '/home/rosnuc/workspace/vcu_ur_driver/src/vcu_ur_driver_launch/install/setup.bash'
[0.864s] INFO:colcon.colcon_core.shell:Creating prefix script '/home/rosnuc/workspace/vcu_ur_driver/src/vcu_ur_driver_launch/install/local_setup.zsh'
[0.865s] INFO:colcon.colcon_core.shell:Creating prefix chain script '/home/rosnuc/workspace/vcu_ur_driver/src/vcu_ur_driver_launch/install/setup.zsh'
