running egg_info
writing ../../build/vcu_ur_driver/vcu_ur_driver.egg-info/PKG-INFO
writing dependency_links to ../../build/vcu_ur_driver/vcu_ur_driver.egg-info/dependency_links.txt
writing entry points to ../../build/vcu_ur_driver/vcu_ur_driver.egg-info/entry_points.txt
writing requirements to ../../build/vcu_ur_driver/vcu_ur_driver.egg-info/requires.txt
writing top-level names to ../../build/vcu_ur_driver/vcu_ur_driver.egg-info/top_level.txt
reading manifest file '../../build/vcu_ur_driver/vcu_ur_driver.egg-info/SOURCES.txt'
writing manifest file '../../build/vcu_ur_driver/vcu_ur_driver.egg-info/SOURCES.txt'
running build
running build_py
running install
/usr/lib/python3/dist-packages/setuptools/command/install.py:34: SetuptoolsDeprecationWarning: setup.py install is deprecated. Use build and pip and other standards-based tools.
  warnings.warn(
running install_lib
running install_data
running install_egg_info
removing '/home/rosnuc/workspace/vcu_am_post_processing/install/vcu_ur_driver/lib/python3.10/site-packages/vcu_ur_driver-0.0.0-py3.10.egg-info' (and everything under it)
Copying ../../build/vcu_ur_driver/vcu_ur_driver.egg-info to /home/rosnuc/workspace/vcu_am_post_processing/install/vcu_ur_driver/lib/python3.10/site-packages/vcu_ur_driver-0.0.0-py3.10.egg-info
running install_scripts
Installing ur_driver script to /home/rosnuc/workspace/vcu_am_post_processing/install/vcu_ur_driver/lib/vcu_ur_driver
writing list of installed files to '/home/rosnuc/workspace/vcu_am_post_processing/build/vcu_ur_driver/install.log'
