[0.824s] Invoking command in '/home/rosnuc/workspace/vcu_am_post_processing/src/vcu_ur_driver': PYTHONPATH=/home/rosnuc/workspace/vcu_am_post_processing/install/vcu_ur_driver/lib/python3.10/site-packages:${PYTHONPATH} /usr/bin/python3 setup.py egg_info --egg-base ../../build/vcu_ur_driver build --build-base /home/rosnuc/workspace/vcu_am_post_processing/build/vcu_ur_driver/build install --prefix /home/rosnuc/workspace/vcu_am_post_processing/install/vcu_ur_driver --record /home/rosnuc/workspace/vcu_am_post_processing/build/vcu_ur_driver/install.log --single-version-externally-managed
[1.000s] running egg_info
[1.000s] writing ../../build/vcu_ur_driver/vcu_ur_driver.egg-info/PKG-INFO
[1.000s] writing dependency_links to ../../build/vcu_ur_driver/vcu_ur_driver.egg-info/dependency_links.txt
[1.001s] writing entry points to ../../build/vcu_ur_driver/vcu_ur_driver.egg-info/entry_points.txt
[1.001s] writing requirements to ../../build/vcu_ur_driver/vcu_ur_driver.egg-info/requires.txt
[1.001s] writing top-level names to ../../build/vcu_ur_driver/vcu_ur_driver.egg-info/top_level.txt
[1.002s] reading manifest file '../../build/vcu_ur_driver/vcu_ur_driver.egg-info/SOURCES.txt'
[1.003s] writing manifest file '../../build/vcu_ur_driver/vcu_ur_driver.egg-info/SOURCES.txt'
[1.003s] running build
[1.003s] running build_py
[1.003s] running install
[1.003s] /usr/lib/python3/dist-packages/setuptools/command/install.py:34: SetuptoolsDeprecationWarning: setup.py install is deprecated. Use build and pip and other standards-based tools.
[1.003s]   warnings.warn(
[1.003s] running install_lib
[1.004s] running install_data
[1.005s] running install_egg_info
[1.006s] removing '/home/rosnuc/workspace/vcu_am_post_processing/install/vcu_ur_driver/lib/python3.10/site-packages/vcu_ur_driver-0.0.0-py3.10.egg-info' (and everything under it)
[1.006s] Copying ../../build/vcu_ur_driver/vcu_ur_driver.egg-info to /home/rosnuc/workspace/vcu_am_post_processing/install/vcu_ur_driver/lib/python3.10/site-packages/vcu_ur_driver-0.0.0-py3.10.egg-info
[1.007s] running install_scripts
[1.023s] Installing ur_driver script to /home/rosnuc/workspace/vcu_am_post_processing/install/vcu_ur_driver/lib/vcu_ur_driver
[1.023s] writing list of installed files to '/home/rosnuc/workspace/vcu_am_post_processing/build/vcu_ur_driver/install.log'
[1.066s] Invoked command in '/home/rosnuc/workspace/vcu_am_post_processing/src/vcu_ur_driver' returned '0': PYTHONPATH=/home/rosnuc/workspace/vcu_am_post_processing/install/vcu_ur_driver/lib/python3.10/site-packages:${PYTHONPATH} /usr/bin/python3 setup.py egg_info --egg-base ../../build/vcu_ur_driver build --build-base /home/rosnuc/workspace/vcu_am_post_processing/build/vcu_ur_driver/build install --prefix /home/rosnuc/workspace/vcu_am_post_processing/install/vcu_ur_driver --record /home/rosnuc/workspace/vcu_am_post_processing/build/vcu_ur_driver/install.log --single-version-externally-managed
