running egg_info
writing ../../build/ur_path_planning/ur_path_planning.egg-info/PKG-INFO
writing dependency_links to ../../build/ur_path_planning/ur_path_planning.egg-info/dependency_links.txt
writing entry points to ../../build/ur_path_planning/ur_path_planning.egg-info/entry_points.txt
writing requirements to ../../build/ur_path_planning/ur_path_planning.egg-info/requires.txt
writing top-level names to ../../build/ur_path_planning/ur_path_planning.egg-info/top_level.txt
reading manifest file '../../build/ur_path_planning/ur_path_planning.egg-info/SOURCES.txt'
writing manifest file '../../build/ur_path_planning/ur_path_planning.egg-info/SOURCES.txt'
running build
running build_py
running install
/usr/lib/python3/dist-packages/setuptools/command/install.py:34: SetuptoolsDeprecationWarning: setup.py install is deprecated. Use build and pip and other standards-based tools.
  warnings.warn(
running install_lib
running install_data
running install_egg_info
removing '/home/rosnuc/workspace/vcu_am_post_processing/install/ur_path_planning/lib/python3.10/site-packages/ur_path_planning-0.0.0-py3.10.egg-info' (and everything under it)
Copying ../../build/ur_path_planning/ur_path_planning.egg-info to /home/rosnuc/workspace/vcu_am_post_processing/install/ur_path_planning/lib/python3.10/site-packages/ur_path_planning-0.0.0-py3.10.egg-info
running install_scripts
Installing horizontal_raster script to /home/rosnuc/workspace/vcu_am_post_processing/install/ur_path_planning/lib/ur_path_planning
writing list of installed files to '/home/rosnuc/workspace/vcu_am_post_processing/build/ur_path_planning/install.log'
